This is pdfTeXk, Version 3.1415926-1.40.9 (Web2C 7.5.7) (format=latex 2008.8.22)  24 NOV 2009 16:19
entering extended mode
 %&-line parsing enabled.
**DocCK.tex
(./DocCK.tex
LaTeX2e <2005/12/01>
Babel <v3.8l> and hyphenation patterns for english, usenglishmax, dumylang, noh
yphenation, german-x-2008-06-18, ngerman-x-2008-06-18, ancientgreek, ibycus, ar
abic, basque, bulgarian, catalan, pinyin, coptic, croatian, czech, danish, dutc
h, esperanto, estonian, farsi, finnish, french, galician, german, ngerman, mono
greek, greek, hungarian, icelandic, indonesian, interlingua, irish, italian, la
tin, mongolian, mongolian2a, bokmal, nynorsk, polish, portuguese, romanian, rus
sian, sanskrit, serbian, slovak, slovenian, spanish, swedish, turkish, ukenglis
h, ukrainian, uppersorbian, welsh, loaded.

(/usr/local/texlive/2008/texmf-dist/tex/latex/base/article.cls
Document Class: article 2005/09/16 v1.4f Standard LaTeX document class
(/usr/local/texlive/2008/texmf-dist/tex/latex/base/size11.clo
File: size11.clo 2005/09/16 v1.4f Standard LaTeX file (size option)
)
\c@part=\count79
\c@section=\count80
\c@subsection=\count81
\c@subsubsection=\count82
\c@paragraph=\count83
\c@subparagraph=\count84
\c@figure=\count85
\c@table=\count86
\abovecaptionskip=\skip41
\belowcaptionskip=\skip42
\bibindent=\dimen102
) (./DocCK.aux)
\openout1 = `DocCK.aux'.

LaTeX Font Info:    Checking defaults for OML/cmm/m/it on input line 9.
LaTeX Font Info:    ... okay on input line 9.
LaTeX Font Info:    Checking defaults for T1/cmr/m/n on input line 9.
LaTeX Font Info:    ... okay on input line 9.
LaTeX Font Info:    Checking defaults for OT1/cmr/m/n on input line 9.
LaTeX Font Info:    ... okay on input line 9.
LaTeX Font Info:    Checking defaults for OMS/cmsy/m/n on input line 9.
LaTeX Font Info:    ... okay on input line 9.
LaTeX Font Info:    Checking defaults for OMX/cmex/m/n on input line 9.
LaTeX Font Info:    ... okay on input line 9.
LaTeX Font Info:    Checking defaults for U/cmr/m/n on input line 9.
LaTeX Font Info:    ... okay on input line 9.
LaTeX Font Info:    External font `cmex10' loaded for size
(Font)              <12> on input line 11.
LaTeX Font Info:    External font `cmex10' loaded for size
(Font)              <8> on input line 11.
LaTeX Font Info:    External font `cmex10' loaded for size
(Font)              <6> on input line 11.
LaTeX Font Info:    External font `cmex10' loaded for size
(Font)              <10.95> on input line 26.

Underfull \hbox (badness 10000) in paragraph at lines 37--38

 []


Underfull \hbox (badness 10000) in paragraph at lines 39--43

 []


Underfull \hbox (badness 10000) in paragraph at lines 44--45

 []

LaTeX Font Info:    Try loading font information for OMS+cmtt on input line 47.

LaTeX Font Info:    No file OMScmtt.fd. on input line 47.

LaTeX Font Warning: Font shape `OMS/cmtt/m/n' undefined
(Font)              using `OMS/cmsy/m/n' instead
(Font)              for symbol `textbraceleft' on input line 47.


Underfull \hbox (badness 10000) in paragraph at lines 46--51

 []

[1

]
Underfull \hbox (badness 10000) in paragraph at lines 56--60

 []


Overfull \hbox (89.54407pt too wide) in paragraph at lines 61--64
[][] 
 []


Underfull \hbox (badness 10000) in paragraph at lines 61--64

 []


Underfull \hbox (badness 10000) in paragraph at lines 65--68

 []


Underfull \hbox (badness 10000) in paragraph at lines 69--74

 []


Underfull \hbox (badness 10000) in paragraph at lines 75--78

 []


Underfull \hbox (badness 10000) in paragraph at lines 79--82

 []


Underfull \hbox (badness 10000) in paragraph at lines 83--89

 []


Overfull \hbox (35.40395pt too wide) in paragraph at lines 90--95
[][] 
 []


Underfull \hbox (badness 10000) in paragraph at lines 90--95

 []


Underfull \hbox (badness 10000) in paragraph at lines 96--101

 []


Underfull \hbox (badness 10000) in paragraph at lines 102--107

 []


Underfull \hbox (badness 10000) in paragraph at lines 108--113

 []

[2] (./DocCK.aux)

LaTeX Font Warning: Some font shapes were not available, defaults substituted.

 ) 
Here is how much of TeX's memory you used:
 252 strings out of 493887
 2724 string characters out of 1151122
 56889 words of memory out of 3000000
 3597 multiletter control sequences out of 10000+50000
 9370 words of font info for 33 fonts, out of 3000000 for 5000
 714 hyphenation exceptions out of 8191
 21i,9n,19p,374b,185s stack positions out of 5000i,500n,10000p,200000b,50000s

Output written on DocCK.dvi (2 pages, 4956 bytes).
