This is pdfTeXk, Version 3.1415926-1.40.9 (Web2C 7.5.7) (format=latex 2008.8.22)  8 AUG 2010 21:01
entering extended mode
 %&-line parsing enabled.
**simplified-use-cases.tex
(./simplified-use-cases.tex
LaTeX2e <2005/12/01>
Babel <v3.8l> and hyphenation patterns for english, usenglishmax, dumylang, noh
yphenation, german-x-2008-06-18, ngerman-x-2008-06-18, ancientgreek, ibycus, ar
abic, basque, bulgarian, catalan, pinyin, coptic, croatian, czech, danish, dutc
h, esperanto, estonian, farsi, finnish, french, galician, german, ngerman, mono
greek, greek, hungarian, icelandic, indonesian, interlingua, irish, italian, la
tin, mongolian, mongolian2a, bokmal, nynorsk, polish, portuguese, romanian, rus
sian, sanskrit, serbian, slovak, slovenian, spanish, swedish, turkish, ukenglis
h, ukrainian, uppersorbian, welsh, loaded.
(/usr/local/texlive/2008/texmf-dist/tex/latex/base/article.cls
Document Class: article 2005/09/16 v1.4f Standard LaTeX document class
(/usr/local/texlive/2008/texmf-dist/tex/latex/base/size11.clo
File: size11.clo 2005/09/16 v1.4f Standard LaTeX file (size option)
)
\c@part=\count79
\c@section=\count80
\c@subsection=\count81
\c@subsubsection=\count82
\c@paragraph=\count83
\c@subparagraph=\count84
\c@figure=\count85
\c@table=\count86
\abovecaptionskip=\skip41
\belowcaptionskip=\skip42
\bibindent=\dimen102
)
(/usr/local/texlive/2008/texmf-dist/tex/generic/babel/babel.sty
Package: babel 2008/07/06 v3.8l The Babel package

(/usr/local/texlive/2008/texmf-dist/tex/generic/babel/portuges.ldf
Language: portuges 2008/03/18 v1.2q Portuguese support from the babel system

(/usr/local/texlive/2008/texmf-dist/tex/generic/babel/babel.def
File: babel.def 2008/07/06 v3.8l Babel common definitions
\babel@savecnt=\count87
\U@D=\dimen103
)
\l@brazil = a dialect from \language\l@portuges 
Package babel Info: Making " an active character on input line 145.
))
(/usr/local/texlive/2008/texmf-dist/tex/latex/base/inputenc.sty
Package: inputenc 2006/05/05 v1.1b Input encoding file
\inpenc@prehook=\toks14
\inpenc@posthook=\toks15

(/usr/local/texlive/2008/texmf-dist/tex/latex/base/latin1.def
File: latin1.def 2006/05/05 v1.1b Input encoding file
))
(./simplified-use-cases.aux)
\openout1 = `simplified-use-cases.aux'.

LaTeX Font Info:    Checking defaults for OML/cmm/m/it on input line 11.
LaTeX Font Info:    ... okay on input line 11.
LaTeX Font Info:    Checking defaults for T1/cmr/m/n on input line 11.
LaTeX Font Info:    ... okay on input line 11.
LaTeX Font Info:    Checking defaults for OT1/cmr/m/n on input line 11.
LaTeX Font Info:    ... okay on input line 11.
LaTeX Font Info:    Checking defaults for OMS/cmsy/m/n on input line 11.
LaTeX Font Info:    ... okay on input line 11.
LaTeX Font Info:    Checking defaults for OMX/cmex/m/n on input line 11.
LaTeX Font Info:    ... okay on input line 11.
LaTeX Font Info:    Checking defaults for U/cmr/m/n on input line 11.
LaTeX Font Info:    ... okay on input line 11.
LaTeX Font Info:    External font `cmex10' loaded for size
(Font)              <12> on input line 12.
LaTeX Font Info:    External font `cmex10' loaded for size
(Font)              <8> on input line 12.
LaTeX Font Info:    External font `cmex10' loaded for size
(Font)              <6> on input line 12.


LaTeX Warning: No \author given.

LaTeX Font Info:    Try loading font information for OMS+cmr on input line 16.
(/usr/local/texlive/2008/texmf-dist/tex/latex/base/omscmr.fd
File: omscmr.fd 1999/05/25 v2.5h Standard LaTeX font definitions
)
LaTeX Font Info:    Font shape `OMS/cmr/m/n' in size <10.95> not available
(Font)              Font shape `OMS/cmsy/m/n' tried instead on input line 16.

Overfull \hbox (9.52867pt too wide) in paragraph at lines 17--22
[]\OT1/cmr/bx/n/10.95 Description:  \OT1/cmr/m/n/10.95 A FUNDA[][]AO UNI-VER-SI
-DADE DE BRAS[]ILIA/FUB
 []

LaTeX Font Info:    External font `cmex10' loaded for size
(Font)              <10.95> on input line 25.

Overfull \hbox (25.34998pt too wide) in paragraph at lines 25--28
[] 
 []

[1

]
Overfull \hbox (25.34998pt too wide) in paragraph at lines 96--99
[] 
 []


Overfull \hbox (25.34998pt too wide) in paragraph at lines 115--118
[] 
 []

[2]
Overfull \hbox (3.71997pt too wide) in paragraph at lines 134--138
[]\OT1/cmr/m/n/10.95 ADV090101 ) En-dere^^Xco com-pleto: Se-cre-ta-ria do De-pa
r-ta-mento de Ci^encia
 []


Overfull \hbox (25.34998pt too wide) in paragraph at lines 143--146
[] 
 []

[3] (./simplified-use-cases.aux) ) 
Here is how much of TeX's memory you used:
 634 strings out of 493887
 7761 string characters out of 1151122
 62788 words of memory out of 3000000
 3962 multiletter control sequences out of 10000+50000
 8811 words of font info for 31 fonts, out of 3000000 for 5000
 714 hyphenation exceptions out of 8191
 24i,12n,24p,205b,193s stack positions out of 5000i,500n,10000p,200000b,50000s

Output written on simplified-use-cases.dvi (3 pages, 8796 bytes).
