This is pdfTeXk, Version 3.1415926-1.40.9 (Web2C 7.5.7) (format=latex 2008.8.22)  2 FEB 2010 16:14
entering extended mode
 %&-line parsing enabled.
**4STD.tex
(./4STD.tex
LaTeX2e <2005/12/01>
Babel <v3.8l> and hyphenation patterns for english, usenglishmax, dumylang, noh
yphenation, german-x-2008-06-18, ngerman-x-2008-06-18, ancientgreek, ibycus, ar
abic, basque, bulgarian, catalan, pinyin, coptic, croatian, czech, danish, dutc
h, esperanto, estonian, farsi, finnish, french, galician, german, ngerman, mono
greek, greek, hungarian, icelandic, indonesian, interlingua, irish, italian, la
tin, mongolian, mongolian2a, bokmal, nynorsk, polish, portuguese, romanian, rus
sian, sanskrit, serbian, slovak, slovenian, spanish, swedish, turkish, ukenglis
h, ukrainian, uppersorbian, welsh, loaded.
(/usr/local/texlive/2008/texmf-dist/tex/latex/base/article.cls
Document Class: article 2005/09/16 v1.4f Standard LaTeX document class
(/usr/local/texlive/2008/texmf-dist/tex/latex/base/size11.clo
File: size11.clo 2005/09/16 v1.4f Standard LaTeX file (size option)
)
\c@part=\count79
\c@section=\count80
\c@subsection=\count81
\c@subsubsection=\count82
\c@paragraph=\count83
\c@subparagraph=\count84
\c@figure=\count85
\c@table=\count86
\abovecaptionskip=\skip41
\belowcaptionskip=\skip42
\bibindent=\dimen102
) (./4STD.aux)
\openout1 = `4STD.aux'.

LaTeX Font Info:    Checking defaults for OML/cmm/m/it on input line 6.
LaTeX Font Info:    ... okay on input line 6.
LaTeX Font Info:    Checking defaults for T1/cmr/m/n on input line 6.
LaTeX Font Info:    ... okay on input line 6.
LaTeX Font Info:    Checking defaults for OT1/cmr/m/n on input line 6.
LaTeX Font Info:    ... okay on input line 6.
LaTeX Font Info:    Checking defaults for OMS/cmsy/m/n on input line 6.
LaTeX Font Info:    ... okay on input line 6.
LaTeX Font Info:    Checking defaults for OMX/cmex/m/n on input line 6.
LaTeX Font Info:    ... okay on input line 6.
LaTeX Font Info:    Checking defaults for U/cmr/m/n on input line 6.
LaTeX Font Info:    ... okay on input line 6.
LaTeX Font Info:    External font `cmex10' loaded for size
(Font)              <12> on input line 7.
LaTeX Font Info:    External font `cmex10' loaded for size
(Font)              <8> on input line 7.
LaTeX Font Info:    External font `cmex10' loaded for size
(Font)              <6> on input line 7.


LaTeX Warning: No \author given.

LaTeX Font Info:    Try loading font information for OMS+cmr on input line 11.
(/usr/local/texlive/2008/texmf-dist/tex/latex/base/omscmr.fd
File: omscmr.fd 1999/05/25 v2.5h Standard LaTeX font definitions
)
LaTeX Font Info:    Font shape `OMS/cmr/m/n' in size <10.95> not available
(Font)              Font shape `OMS/cmsy/m/n' tried instead on input line 11.
LaTeX Font Info:    External font `cmex10' loaded for size
(Font)              <10.95> on input line 15.

Overfull \hbox (25.34998pt too wide) in paragraph at lines 15--20
[] 
 []


Underfull \hbox (badness 10000) in paragraph at lines 25--25
[]\OT1/cmr/m/n/10.95 Select the "New
 []


Underfull \hbox (badness 10000) in paragraph at lines 25--25
[]\OT1/cmr/m/n/10.95 The "New Project"
 []


Underfull \hbox (badness 10000) in paragraph at lines 25--25
\OT1/cmr/m/n/10.95 screen is dis-played.
 []


Underfull \hbox (badness 10000) in paragraph at lines 25--25
\OT1/cmr/m/n/10.95 The de-fault project
 []


Underfull \hbox (badness 3058) in paragraph at lines 25--25
\OT1/cmr/m/n/10.95 "Project Name" field.
 []


Underfull \hbox (badness 10000) in paragraph at lines 25--25
\OT1/cmr/m/n/10.95 The de-fault project
 []


Underfull \hbox (badness 10000) in paragraph at lines 25--25
\OT1/cmr/m/n/10.95 lo-ca-tion is dis-played
 []


Underfull \hbox (badness 10000) in paragraph at lines 25--25
\OT1/cmr/m/n/10.95 in the "Des-ti-na-tion
 []


Underfull \hbox (badness 10000) in paragraph at lines 26--26
[]\OT1/cmr/m/n/10.95 A progress bar is
 []


Underfull \hbox (badness 10000) in paragraph at lines 26--26
\OT1/cmr/m/n/10.95 dis-played. A new
 []


Underfull \hbox (badness 5064) in paragraph at lines 26--26
\OT1/cmr/m/n/10.95 project work area is
 []


Underfull \hbox (badness 10000) in paragraph at lines 26--26
\OT1/cmr/m/n/10.95 folder is cre-ated in
 []


Underfull \hbox (badness 3158) in paragraph at lines 26--26
\OT1/cmr/m/n/10.95 the spec-i-fied lo-ca-tion.
 []


Underfull \hbox (badness 10000) in paragraph at lines 26--26
\OT1/cmr/m/n/10.95 [FR-TARGET-0110,
 []


Overfull \hbox (109.7135pt too wide) in paragraph at lines 21--28
[][] 
 []

[1

]
Overfull \hbox (25.34998pt too wide) in paragraph at lines 29--34
[] 
 []


Underfull \hbox (badness 3525) in paragraph at lines 38--38
[]\OT1/cmr/m/n/10.95 Type a valid project
 []


Underfull \hbox (badness 7925) in paragraph at lines 38--38
[]\OT1/cmr/m/n/10.95 The "Project Name"
 []


Underfull \hbox (badness 2875) in paragraph at lines 38--38
\OT1/cmr/m/n/10.95 field is filled. [FR-
 []


Overfull \hbox (109.7135pt too wide) in paragraph at lines 35--40
[][] 
 []


Overfull \hbox (25.34998pt too wide) in paragraph at lines 41--46
[] 
 []


Overfull \hbox (109.7135pt too wide) in paragraph at lines 47--52
[][] 
 []


Overfull \hbox (25.34998pt too wide) in paragraph at lines 53--58
[] 
 []

[2]
Underfull \hbox (badness 1910) in paragraph at lines 62--62
\OT1/cmr/m/n/10.95 lo-ca-tion in which the
 []


Underfull \hbox (badness 10000) in paragraph at lines 62--62
[]\OT1/cmr/m/n/10.95 The "Des-ti-na-tion
 []


Overfull \hbox (109.7135pt too wide) in paragraph at lines 59--64
[][] 
 []


Overfull \hbox (25.34998pt too wide) in paragraph at lines 65--70
[] 
 []


Underfull \hbox (badness 10000) in paragraph at lines 74--74
[]\OT1/cmr/m/n/10.95 The "New Project"
 []


Underfull \hbox (badness 10000) in paragraph at lines 74--74
\OT1/cmr/m/n/10.95 screen is dis-played.
 []


Underfull \hbox (badness 10000) in paragraph at lines 74--74
\OT1/cmr/m/n/10.95 The de-fault project
 []


Underfull \hbox (badness 3838) in paragraph at lines 74--74
\OT1/cmr/m/n/10.95 name is dis-played in
 []


Underfull \hbox (badness 10000) in paragraph at lines 74--74
\OT1/cmr/m/n/10.95 the "Project Name"
 []


Underfull \hbox (badness 10000) in paragraph at lines 74--74
\OT1/cmr/m/n/10.95 field. The de-fault
 []


Underfull \hbox (badness 10000) in paragraph at lines 74--74
\OT1/cmr/m/n/10.95 project lo-ca-tion is
 []


Underfull \hbox (badness 3579) in paragraph at lines 74--74
\OT1/cmr/m/n/10.95 ti-na-tion Folder" field.
 []


Underfull \hbox (badness 10000) in paragraph at lines 75--75
[]\OT1/cmr/m/n/10.95 A progress bar is
 []


Underfull \hbox (badness 10000) in paragraph at lines 75--75
\OT1/cmr/m/n/10.95 dis-played. A new
 []


Underfull \hbox (badness 5064) in paragraph at lines 75--75
\OT1/cmr/m/n/10.95 project work area is
 []


Underfull \hbox (badness 10000) in paragraph at lines 75--75
\OT1/cmr/m/n/10.95 folder is cre-ated in
 []


Underfull \hbox (badness 3158) in paragraph at lines 75--75
\OT1/cmr/m/n/10.95 the spec-i-fied lo-ca-tion.
 []


Underfull \hbox (badness 10000) in paragraph at lines 75--75
\OT1/cmr/m/n/10.95 [FR-TARGET-0110,
 []


Overfull \hbox (109.7135pt too wide) in paragraph at lines 71--77
[][] 
 []


Overfull \hbox (25.34998pt too wide) in paragraph at lines 78--83
[] 
 []


Underfull \hbox (badness 10000) in paragraph at lines 87--87
\OT1/cmr/m/n/10.95 in-di-cat-ing that some
 []


Underfull \hbox (badness 1521) in paragraph at lines 87--87
\OT1/cmr/m/n/10.95 char-ac-ters are not al-
 []


Underfull \hbox (badness 1442) in paragraph at lines 87--87
\OT1/cmr/m/n/10.95 lowed. The "Fin-ish"
 []


Underfull \hbox (badness 10000) in paragraph at lines 87--87
\OT1/cmr/m/n/10.95 but-ton is dis-abled.
 []


Overfull \hbox (109.7135pt too wide) in paragraph at lines 84--89
[][] 
 []

[3]
Overfull \hbox (25.34998pt too wide) in paragraph at lines 90--95
[] 
 []


Underfull \hbox (badness 1783) in paragraph at lines 99--99
[]\OT1/cmr/m/n/10.95 Type a blank project
 []


Overfull \hbox (109.7135pt too wide) in paragraph at lines 96--101
[][] 
 []


Overfull \hbox (25.34998pt too wide) in paragraph at lines 102--107
[] 
 []


Underfull \hbox (badness 3525) in paragraph at lines 111--111
[]\OT1/cmr/m/n/10.95 Type a valid project
 []


Underfull \hbox (badness 7925) in paragraph at lines 111--111
[]\OT1/cmr/m/n/10.95 The "Project Name"
 []


Underfull \hbox (badness 10000) in paragraph at lines 112--112
[]\OT1/cmr/m/n/10.95 The "Des-ti-na-tion
 []


Underfull \hbox (badness 2662) in paragraph at lines 113--113
[]\OT1/cmr/m/n/10.95 A di-a-log is dis-played
 []


Underfull \hbox (badness 10000) in paragraph at lines 113--113
\OT1/cmr/m/n/10.95 in-di-cat-ing that the
 []


Underfull \hbox (badness 3942) in paragraph at lines 113--113
\OT1/cmr/m/n/10.95 project folder al-ready
 []


Underfull \hbox (badness 1983) in paragraph at lines 113--113
\OT1/cmr/m/n/10.95 pro-ceed and erase all
 []


Underfull \hbox (badness 2150) in paragraph at lines 113--113
\OT1/cmr/m/n/10.95 con-tent of the folder.
 []


Overfull \hbox (109.7135pt too wide) in paragraph at lines 108--116
[][] 
 []


Overfull \hbox (25.34998pt too wide) in paragraph at lines 117--122
[] 
 []

[4]
Overfull \hbox (109.7135pt too wide) in paragraph at lines 123--128
[][] 
 []


Overfull \hbox (25.34998pt too wide) in paragraph at lines 134--139
[] 
 []


Underfull \hbox (badness 10000) in paragraph at lines 143--143
[]\OT1/cmr/m/n/10.95 TaRGeT is al-ready
 []


Underfull \hbox (badness 10000) in paragraph at lines 144--144
[]\OT1/cmr/m/n/10.95 Select the "Open
 []


Underfull \hbox (badness 10000) in paragraph at lines 144--144
[]\OT1/cmr/m/n/10.95 The "Open Project"
 []


Underfull \hbox (badness 10000) in paragraph at lines 144--144
\OT1/cmr/m/n/10.95 win-dow is dis-played.
 []


Underfull \hbox (badness 7925) in paragraph at lines 145--145
[]\OT1/cmr/m/n/10.95 The "Project Name"
 []


Underfull \hbox (badness 10000) in paragraph at lines 146--146
[]\OT1/cmr/m/n/10.95 A progress bar is
 []


Underfull \hbox (badness 10000) in paragraph at lines 146--146
\OT1/cmr/m/n/10.95 dis-played in-di-cat-ing
 []


Underfull \hbox (badness 3503) in paragraph at lines 146--146
\OT1/cmr/m/n/10.95 that the se-lected ex-
 []


Underfull \hbox (badness 4254) in paragraph at lines 146--146
\OT1/cmr/m/n/10.95 opened. Af-ter, the
 []


Underfull \hbox (badness 10000) in paragraph at lines 146--146
\OT1/cmr/m/n/10.95 ex-ist-ing project is
 []


Underfull \hbox (badness 1412) in paragraph at lines 146--146
\OT1/cmr/m/n/10.95 opened. The project
 []


Overfull \hbox (109.7135pt too wide) in paragraph at lines 140--148
[][] 
 []


Overfull \hbox (25.34998pt too wide) in paragraph at lines 149--154
[] 
 []

[5]
Underfull \hbox (badness 1558) in paragraph at lines 158--158
[]\OT1/cmr/m/n/10.95 The tool goes to the
 []


Overfull \hbox (109.7135pt too wide) in paragraph at lines 155--160
[][] 
 []


Overfull \hbox (25.34998pt too wide) in paragraph at lines 161--166
[] 
 []


Underfull \hbox (badness 10000) in paragraph at lines 170--170
[]\OT1/cmr/m/n/10.95 The "Open Project"
 []


Underfull \hbox (badness 10000) in paragraph at lines 170--170
\OT1/cmr/m/n/10.95 win-dow is dis-played.
 []


Underfull \hbox (badness 10000) in paragraph at lines 170--170
\OT1/cmr/m/n/10.95 The "Fin-ish" but-ton
 []


Underfull \hbox (badness 10000) in paragraph at lines 170--170
\OT1/cmr/m/n/10.95 is dis-abled. [FR-
 []


Overfull \hbox (109.7135pt too wide) in paragraph at lines 167--172
[][] 
 []


Overfull \hbox (25.34998pt too wide) in paragraph at lines 178--183
[] 
 []


Underfull \hbox (badness 10000) in paragraph at lines 187--187
[]\OT1/cmr/m/n/10.95 TaRGeT is al-ready
 []


Underfull \hbox (badness 10000) in paragraph at lines 188--188
[]\OT1/cmr/m/n/10.95 Select the "Open
 []


Underfull \hbox (badness 2903) in paragraph at lines 188--188
[]\OT1/cmr/m/n/10.95 A di-a-log box is dis-
 []


Underfull \hbox (badness 3189) in paragraph at lines 188--188
\OT1/cmr/m/n/10.95 played in-form-ing that
 []


Underfull \hbox (badness 1320) in paragraph at lines 188--188
\OT1/cmr/m/n/10.95 be closed in or-der to
 []


Underfull \hbox (badness 10000) in paragraph at lines 189--189
[]\OT1/cmr/m/n/10.95 The "Open Project"
 []


Overfull \hbox (109.7135pt too wide) in paragraph at lines 184--191
[][] 
 []


Overfull \hbox (25.34998pt too wide) in paragraph at lines 192--197
[] 
 []

[6]
Overfull \hbox (109.7135pt too wide) in paragraph at lines 198--203
[][] 
 []


Overfull \hbox (25.34998pt too wide) in paragraph at lines 209--214
[] 
 []


Underfull \hbox (badness 10000) in paragraph at lines 218--218
\OT1/cmr/m/n/10.95 fresh Au-to-mat-i-cally"
 []


Underfull \hbox (badness 10000) in paragraph at lines 218--218
\OT1/cmr/m/n/10.95 "Re-fresh Au-to-mat-i-
 []


Overfull \hbox (109.7135pt too wide) in paragraph at lines 215--220
[][] 
 []


Overfull \hbox (25.34998pt too wide) in paragraph at lines 221--226
[] 
 []


Underfull \hbox (badness 10000) in paragraph at lines 230--230
[]\OT1/cmr/m/n/10.95 TaRGeT is al-ready
 []


Underfull \hbox (badness 10000) in paragraph at lines 230--230
[]\OT1/cmr/m/n/10.95 "Refresh Au-to-mat-i-
 []


Underfull \hbox (badness 7796) in paragraph at lines 230--230
\OT1/cmr/m/n/10.95 cally" op-tion is not
 []


Underfull \hbox (badness 2707) in paragraph at lines 231--231
[]\OT1/cmr/m/n/10.95 Open an al-ready im-
 []


Underfull \hbox (badness 2856) in paragraph at lines 231--231
\OT1/cmr/m/n/10.95 in the de-fault viewer
 []


Underfull \hbox (badness 10000) in paragraph at lines 232--232
\OT1/cmr/m/n/10.95 Case Doc-u-ment and
 []


Underfull \hbox (badness 3199) in paragraph at lines 233--233
[]\OT1/cmr/m/n/10.95 Go back to TaR-GeT
 []


Underfull \hbox (badness 4254) in paragraph at lines 234--234
\OT1/cmr/m/n/10.95 menu bar and se-lect
 []


Underfull \hbox (badness 4060) in paragraph at lines 234--234
\OT1/cmr/m/n/10.95 "Re-fresh project" op-
 []


Underfull \hbox (badness 10000) in paragraph at lines 234--234
\OT1/cmr/m/n/10.95 is be-ing re-freshed.
 []


Underfull \hbox (badness 10000) in paragraph at lines 234--234
\OT1/cmr/m/n/10.95 [FR-TARGET-0110,
 []


Overfull \hbox (109.7135pt too wide) in paragraph at lines 227--236
[][] 
 []

[7]
Overfull \hbox (25.34998pt too wide) in paragraph at lines 237--242
[] 
 []


Underfull \hbox (badness 4254) in paragraph at lines 246--246
\OT1/cmr/m/n/10.95 menu bar and se-lect
 []


Underfull \hbox (badness 4060) in paragraph at lines 246--246
\OT1/cmr/m/n/10.95 "Re-fresh project" op-
 []


Overfull \hbox (109.7135pt too wide) in paragraph at lines 243--248
[][] 
 []


Overfull \hbox (25.34998pt too wide) in paragraph at lines 249--254
[] 
 []


Underfull \hbox (badness 10000) in paragraph at lines 258--258
\OT1/cmr/m/n/10.95 is be-ing re-freshed.
 []


Underfull \hbox (badness 10000) in paragraph at lines 258--258
\OT1/cmr/m/n/10.95 [FR-TARGET-0110,
 []


Overfull \hbox (109.7135pt too wide) in paragraph at lines 255--260
[][] 
 []

[8]
Overfull \hbox (25.34998pt too wide) in paragraph at lines 266--271
[] 
 []


Underfull \hbox (badness 5091) in paragraph at lines 275--275
\OT1/cmr/m/n/10.95 A project is al-ready
 []


Underfull \hbox (badness 3229) in paragraph at lines 275--275
\OT1/cmr/m/n/10.95 Doc-u-ments" op-tion is
 []


Underfull \hbox (badness 10000) in paragraph at lines 276--276
\OT1/cmr/m/n/10.95 Doc-u-ments" op-tion.
 []


Underfull \hbox (badness 10000) in paragraph at lines 276--276
[]\OT1/cmr/m/n/10.95 The "Im-port Doc-
 []


Underfull \hbox (badness 10000) in paragraph at lines 276--276
\OT1/cmr/m/n/10.95 u-ments" win-dow is
 []


Underfull \hbox (badness 2828) in paragraph at lines 277--277
\OT1/cmr/m/n/10.95 but-ton and browse a
 []


Underfull \hbox (badness 1383) in paragraph at lines 277--277
\OT1/cmr/m/n/10.95 valid Use Case Doc-u-
 []


Underfull \hbox (badness 5607) in paragraph at lines 277--277
[]\OT1/cmr/m/n/10.95 No doc-u-ment is im-
 []


Underfull \hbox (badness 2103) in paragraph at lines 280--280
\OT1/cmr/m/n/10.95 played in-di-cat-ing that
 []


Underfull \hbox (badness 10000) in paragraph at lines 280--280
\OT1/cmr/m/n/10.95 the doc-u-ment(s) is
 []


Underfull \hbox (badness 5460) in paragraph at lines 280--280
\OT1/cmr/m/n/10.95 (are) be-ing pro-cessed
 []


Underfull \hbox (badness 10000) in paragraph at lines 280--280
\OT1/cmr/m/n/10.95 and imported.[FR-
 []


Underfull \hbox (badness 10000) in paragraph at lines 281--281
[]\OT1/cmr/m/n/10.95 The im-ported doc-u-
 []


Underfull \hbox (badness 10000) in paragraph at lines 281--281
\OT1/cmr/m/n/10.95 in a spe-cific folder
 []


Underfull \hbox (badness 3872) in paragraph at lines 281--281
\OT1/cmr/m/n/10.95 and dis-played in the
 []


Underfull \hbox (badness 1436) in paragraph at lines 281--281
\OT1/cmr/m/n/10.95 dis-played in the "Use
 []


Underfull \hbox (badness 1616) in paragraph at lines 281--281
\OT1/cmr/m/n/10.95 Cases" View. @end-
 []


Underfull \hbox (badness 10000) in paragraph at lines 281--281
\OT1/cmr/m/n/10.95 OfIm-port-Doc-u-ment
 []


Underfull \hbox (badness 10000) in paragraph at lines 281--281
\OT1/cmr/m/n/10.95 [FR-TARGET-0010,
 []


Overfull \hbox (109.7135pt too wide) in paragraph at lines 272--283
[][] 
 []


Overfull \hbox (25.34998pt too wide) in paragraph at lines 284--289
[] 
 []

[9]
Underfull \hbox (badness 2951) in paragraph at lines 293--293
\OT1/cmr/m/n/10.95 other valid Use Case
 []


Underfull \hbox (badness 1552) in paragraph at lines 293--293
\OT1/cmr/m/n/10.95 u-ment must not have
 []


Underfull \hbox (badness 1389) in paragraph at lines 293--293
\OT1/cmr/m/n/10.95 du-pli-cated fea-ture ids,
 []


Underfull \hbox (badness 1107) in paragraph at lines 293--293
\OT1/cmr/m/n/10.95 al-ready browsed doc-u-
 []


Overfull \hbox (109.7135pt too wide) in paragraph at lines 290--295
[][] 
 []


Overfull \hbox (25.34998pt too wide) in paragraph at lines 296--301
[] 
 []


Overfull \hbox (109.7135pt too wide) in paragraph at lines 302--307
[][] 
 []


Overfull \hbox (25.34998pt too wide) in paragraph at lines 308--313
[] 
 []


Underfull \hbox (badness 10000) in paragraph at lines 317--317
[]\OT1/cmr/m/n/10.95 The "Im-port Doc-
 []


Underfull \hbox (badness 10000) in paragraph at lines 317--317
\OT1/cmr/m/n/10.95 u-ments" win-dow is
 []


Overfull \hbox (109.7135pt too wide) in paragraph at lines 314--319
[][] 
 []


Overfull \hbox (25.34998pt too wide) in paragraph at lines 325--330
[] 
 []


Underfull \hbox (badness 7415) in paragraph at lines 334--334
\OT1/cmr/m/n/10.95 Case Doc-u-ment with
 []


Underfull \hbox (badness 1990) in paragraph at lines 334--334
\OT1/cmr/m/n/10.95 du-pli-cated fea-ture ID.
 []


Underfull \hbox (badness 3657) in paragraph at lines 334--334
\OT1/cmr/m/n/10.95 This means that the
 []


Underfull \hbox (badness 3965) in paragraph at lines 334--334
\OT1/cmr/m/n/10.95 doc-u-ment con-tains at
 []


Underfull \hbox (badness 1748) in paragraph at lines 334--334
[]\OT1/cmr/m/n/10.95 There is no im-ported
 []


Underfull \hbox (badness 2103) in paragraph at lines 335--335
\OT1/cmr/m/n/10.95 played in-di-cat-ing that
 []


Underfull \hbox (badness 5133) in paragraph at lines 335--335
\OT1/cmr/m/n/10.95 the doc-u-ment is be-
 []


Underfull \hbox (badness 2772) in paragraph at lines 335--335
\OT1/cmr/m/n/10.95 ing pro-cessed. [FR-
 []


Underfull \hbox (badness 2103) in paragraph at lines 336--336
\OT1/cmr/m/n/10.95 played in-di-cat-ing that
 []


Underfull \hbox (badness 10000) in paragraph at lines 336--336
\OT1/cmr/m/n/10.95 du-pli-cated fea-ture id
 []


Underfull \hbox (badness 10000) in paragraph at lines 337--337
[]\OT1/cmr/m/n/10.95 The se-lected doc-u-
 []


Underfull \hbox (badness 8113) in paragraph at lines 337--337
\OT1/cmr/m/n/10.95 ment(s) will not be
 []


Underfull \hbox (badness 1325) in paragraph at lines 337--337
\OT1/cmr/m/n/10.95 im-ported. The fo-cus
 []


Underfull \hbox (badness 1546) in paragraph at lines 337--337
\OT1/cmr/m/n/10.95 goes back to "Im-port
 []


Overfull \hbox (109.7135pt too wide) in paragraph at lines 331--339
[][] 
 []

[10]
Overfull \hbox (25.34998pt too wide) in paragraph at lines 345--350
[] 
 []


Underfull \hbox (badness 2828) in paragraph at lines 354--354
\OT1/cmr/m/n/10.95 but-ton and browse a
 []


Underfull \hbox (badness 10000) in paragraph at lines 354--354
\OT1/cmr/m/n/10.95 Use Case Doc-u-ment
 []


Underfull \hbox (badness 10000) in paragraph at lines 354--354
\OT1/cmr/m/n/10.95 doc-u-ment con-tains a
 []


Underfull \hbox (badness 5607) in paragraph at lines 354--354
[]\OT1/cmr/m/n/10.95 No doc-u-ment is im-
 []


Underfull \hbox (badness 2103) in paragraph at lines 355--355
\OT1/cmr/m/n/10.95 played in-di-cat-ing that
 []


Underfull \hbox (badness 5133) in paragraph at lines 355--355
\OT1/cmr/m/n/10.95 the doc-u-ment is be-
 []


Underfull \hbox (badness 2772) in paragraph at lines 355--355
\OT1/cmr/m/n/10.95 ing pro-cessed. [FR-
 []


Underfull \hbox (badness 6859) in paragraph at lines 356--356
\OT1/cmr/m/n/10.95 played in-di-cat-ing the
 []


Underfull \hbox (badness 2884) in paragraph at lines 356--356
\OT1/cmr/m/n/10.95 pli-cated use case ID.
 []


Underfull \hbox (badness 10000) in paragraph at lines 357--357
[]\OT1/cmr/m/n/10.95 The se-lected doc-u-
 []


Underfull \hbox (badness 8113) in paragraph at lines 357--357
\OT1/cmr/m/n/10.95 ment(s) will not be
 []


Underfull \hbox (badness 1325) in paragraph at lines 357--357
\OT1/cmr/m/n/10.95 im-ported. The fo-cus
 []


Underfull \hbox (badness 1546) in paragraph at lines 357--357
\OT1/cmr/m/n/10.95 goes back to "Im-port
 []


Overfull \hbox (109.7135pt too wide) in paragraph at lines 351--359
[][] 
 []

[11]
Overfull \hbox (25.34998pt too wide) in paragraph at lines 365--370
[] 
 []


Underfull \hbox (badness 5607) in paragraph at lines 374--374
[]\OT1/cmr/m/n/10.95 No doc-u-ment is im-
 []


Underfull \hbox (badness 2103) in paragraph at lines 375--375
\OT1/cmr/m/n/10.95 played in-di-cat-ing that
 []


Underfull \hbox (badness 5133) in paragraph at lines 375--375
\OT1/cmr/m/n/10.95 the doc-u-ment is be-
 []


Underfull \hbox (badness 2772) in paragraph at lines 375--375
\OT1/cmr/m/n/10.95 ing pro-cessed. [FR-
 []


Underfull \hbox (badness 6859) in paragraph at lines 376--376
\OT1/cmr/m/n/10.95 played in-di-cat-ing the
 []


Underfull \hbox (badness 1062) in paragraph at lines 376--376
\OT1/cmr/m/n/10.95 er-ror. [FR-TARGET-
 []


Underfull \hbox (badness 10000) in paragraph at lines 377--377
[]\OT1/cmr/m/n/10.95 The se-lected doc-u-
 []


Underfull \hbox (badness 8113) in paragraph at lines 377--377
\OT1/cmr/m/n/10.95 ment(s) will not be
 []


Underfull \hbox (badness 1325) in paragraph at lines 377--377
\OT1/cmr/m/n/10.95 im-ported. The fo-cus
 []


Underfull \hbox (badness 1546) in paragraph at lines 377--377
\OT1/cmr/m/n/10.95 goes back to "Im-port
 []


Overfull \hbox (109.7135pt too wide) in paragraph at lines 371--379
[][] 
 []

[12]
Overfull \hbox (25.34998pt too wide) in paragraph at lines 380--385
[] 
 []


Underfull \hbox (badness 5064) in paragraph at lines 389--389
[]\OT1/cmr/m/n/10.95 Click on "Add Doc-
 []


Underfull \hbox (badness 10000) in paragraph at lines 389--389
\OT1/cmr/m/n/10.95 u-ment" but-ton and
 []


Underfull \hbox (badness 10000) in paragraph at lines 389--389
\OT1/cmr/m/n/10.95 browse an-other valid
 []


Overfull \hbox (109.7135pt too wide) in paragraph at lines 386--391
[][] 
 []


Overfull \hbox (25.34998pt too wide) in paragraph at lines 392--397
[] 
 []


Overfull \hbox (109.7135pt too wide) in paragraph at lines 398--403
[][] 
 []

[13]
Overfull \hbox (25.34998pt too wide) in paragraph at lines 409--414
[] 
 []


Underfull \hbox (badness 5607) in paragraph at lines 418--418
[]\OT1/cmr/m/n/10.95 No doc-u-ment is im-
 []


Underfull \hbox (badness 2103) in paragraph at lines 419--419
\OT1/cmr/m/n/10.95 played in-di-cat-ing that
 []


Underfull \hbox (badness 10000) in paragraph at lines 420--420
[]\OT1/cmr/m/n/10.95 The se-lected doc-u-
 []


Underfull \hbox (badness 8113) in paragraph at lines 420--420
\OT1/cmr/m/n/10.95 ment(s) will not be
 []


Underfull \hbox (badness 1325) in paragraph at lines 420--420
\OT1/cmr/m/n/10.95 im-ported. The fo-cus
 []


Underfull \hbox (badness 1546) in paragraph at lines 420--420
\OT1/cmr/m/n/10.95 goes back to "Im-port
 []


Overfull \hbox (109.7135pt too wide) in paragraph at lines 415--422
[][] 
 []


Overfull \hbox (25.34998pt too wide) in paragraph at lines 428--433
[] 
 []


Underfull \hbox (badness 5607) in paragraph at lines 437--437
[]\OT1/cmr/m/n/10.95 No doc-u-ment is im-
 []


Underfull \hbox (badness 2103) in paragraph at lines 438--438
\OT1/cmr/m/n/10.95 played in-di-cat-ing that
 []


Underfull \hbox (badness 5133) in paragraph at lines 438--438
\OT1/cmr/m/n/10.95 the doc-u-ment is be-
 []


Underfull \hbox (badness 2772) in paragraph at lines 438--438
\OT1/cmr/m/n/10.95 ing pro-cessed. [FR-
 []


Underfull \hbox (badness 1221) in paragraph at lines 439--439
[]\OT1/cmr/m/n/10.95 A warn-ing mes-sage is
 []


Underfull \hbox (badness 10000) in paragraph at lines 439--439
\OT1/cmr/m/n/10.95 dis-played in-di-cat-ing
 []


Underfull \hbox (badness 10000) in paragraph at lines 439--439
\OT1/cmr/m/n/10.95 that the doc-u-ment
 []


Underfull \hbox (badness 10000) in paragraph at lines 440--440
[]\OT1/cmr/m/n/10.95 The im-ported doc-u-
 []


Underfull \hbox (badness 3942) in paragraph at lines 440--440
\OT1/cmr/m/n/10.95 doc-u-ments folder and
 []


Underfull \hbox (badness 10000) in paragraph at lines 440--440
\OT1/cmr/m/n/10.95 is dis-played in the
 []


Underfull \hbox (badness 10000) in paragraph at lines 440--440
\OT1/cmr/m/n/10.95 im-ported use cases
 []


Underfull \hbox (badness 6094) in paragraph at lines 440--440
\OT1/cmr/m/n/10.95 are dis-played in the
 []


Underfull \hbox (badness 10000) in paragraph at lines 440--440
\OT1/cmr/m/n/10.95 "Use Cases" View.
 []


Underfull \hbox (badness 7504) in paragraph at lines 440--440
\OT1/cmr/m/n/10.95 A spe-cial icon in-di-
 []


Underfull \hbox (badness 10000) in paragraph at lines 440--440
\OT1/cmr/m/n/10.95 cates the use cases
 []


Underfull \hbox (badness 8019) in paragraph at lines 440--440
\OT1/cmr/m/n/10.95 Also the er-ror view
 []


Underfull \hbox (badness 3312) in paragraph at lines 440--440
\OT1/cmr/m/n/10.95 dis-plays de-tails about
 []


Underfull \hbox (badness 10000) in paragraph at lines 440--440
\OT1/cmr/m/n/10.95 in-valid id ref-er-ences
 []


Underfull \hbox (badness 1540) in paragraph at lines 440--440
\OT1/cmr/m/n/10.95 and/or du-pli-cated ids.
 []


Underfull \hbox (badness 10000) in paragraph at lines 440--440
\OT1/cmr/m/n/10.95 [FR-TARGET-0010,
 []


Overfull \hbox (109.7135pt too wide) in paragraph at lines 434--442
[][] 
 []

[14]
Overfull \hbox (25.34998pt too wide) in paragraph at lines 443--448
[] 
 []


Underfull \hbox (badness 2951) in paragraph at lines 452--452
\OT1/cmr/m/n/10.95 other valid Use Case
 []


Overfull \hbox (109.7135pt too wide) in paragraph at lines 449--454
[][] 
 []

[15]
Overfull \hbox (25.34998pt too wide) in paragraph at lines 460--465
[] 
 []


Underfull \hbox (badness 2828) in paragraph at lines 469--469
\OT1/cmr/m/n/10.95 but-ton and browse a
 []


Underfull \hbox (badness 1383) in paragraph at lines 469--469
\OT1/cmr/m/n/10.95 valid Use Case Doc-u-
 []


Underfull \hbox (badness 5637) in paragraph at lines 469--469
\OT1/cmr/m/n/10.95 and the al-ready im-
 []


Underfull \hbox (badness 1275) in paragraph at lines 469--469
\OT1/cmr/m/n/10.95 ported doc-u-ment have
 []


Underfull \hbox (badness 1383) in paragraph at lines 469--469
[]\OT1/cmr/m/n/10.95 There is at least one
 []


Underfull \hbox (badness 10000) in paragraph at lines 469--469
\OT1/cmr/m/n/10.95 valid doc-u-ment im-
 []


Underfull \hbox (badness 10000) in paragraph at lines 469--469
[]\OT1/cmr/m/n/10.95 The "Im-port Doc-
 []


Underfull \hbox (badness 10000) in paragraph at lines 469--469
\OT1/cmr/m/n/10.95 u-ments" win-dow is
 []


Underfull \hbox (badness 2103) in paragraph at lines 470--470
\OT1/cmr/m/n/10.95 played in-di-cat-ing that
 []


Underfull \hbox (badness 7595) in paragraph at lines 471--471
\OT1/cmr/m/n/10.95 the "Ar-ti-facts" view.
 []


Underfull \hbox (badness 6094) in paragraph at lines 471--471
\OT1/cmr/m/n/10.95 are dis-played in the
 []


Underfull \hbox (badness 10000) in paragraph at lines 471--471
\OT1/cmr/m/n/10.95 [FR-TARGET-0010,
 []


Overfull \hbox (109.7135pt too wide) in paragraph at lines 466--473
[][] 
 []


Overfull \hbox (25.34998pt too wide) in paragraph at lines 474--479
[] 
 []

[16]
Underfull \hbox (badness 2828) in paragraph at lines 483--483
\OT1/cmr/m/n/10.95 but-ton and browse a
 []


Underfull \hbox (badness 1383) in paragraph at lines 483--483
\OT1/cmr/m/n/10.95 valid Use Case Doc-u-
 []


Underfull \hbox (badness 5637) in paragraph at lines 483--483
\OT1/cmr/m/n/10.95 and the al-ready im-
 []


Underfull \hbox (badness 1275) in paragraph at lines 483--483
\OT1/cmr/m/n/10.95 ported doc-u-ment have
 []


Underfull \hbox (badness 1383) in paragraph at lines 483--483
[]\OT1/cmr/m/n/10.95 There is at least one
 []


Underfull \hbox (badness 10000) in paragraph at lines 483--483
\OT1/cmr/m/n/10.95 valid doc-u-ment im-
 []


Underfull \hbox (badness 10000) in paragraph at lines 483--483
[]\OT1/cmr/m/n/10.95 The "Im-port Doc-
 []


Underfull \hbox (badness 10000) in paragraph at lines 483--483
\OT1/cmr/m/n/10.95 u-ments" win-dow is
 []


Underfull \hbox (badness 2103) in paragraph at lines 484--484
\OT1/cmr/m/n/10.95 played in-di-cat-ing that
 []


Underfull \hbox (badness 4543) in paragraph at lines 485--485
\OT1/cmr/m/n/10.95 the "Ar-ti-facts" View.
 []


Underfull \hbox (badness 6094) in paragraph at lines 485--485
\OT1/cmr/m/n/10.95 are dis-played in the
 []


Underfull \hbox (badness 1297) in paragraph at lines 485--485
\OT1/cmr/m/n/10.95 played in the "Er-ror"
 []


Underfull \hbox (badness 10000) in paragraph at lines 485--485
\OT1/cmr/m/n/10.95 view in-di-cat-ing that
 []


Underfull \hbox (badness 10000) in paragraph at lines 485--485
\OT1/cmr/m/n/10.95 [FR-TARGET-0010,
 []


Underfull \hbox (badness 10000) in paragraph at lines 485--485
\OT1/cmr/m/n/10.95 FR-TARGET-0100,
 []


Overfull \hbox (109.7135pt too wide) in paragraph at lines 480--487
[][] 
 []


Overfull \hbox (25.34998pt too wide) in paragraph at lines 488--493
[] 
 []

[17]
Underfull \hbox (badness 2828) in paragraph at lines 497--497
\OT1/cmr/m/n/10.95 but-ton and browse a
 []


Underfull \hbox (badness 1383) in paragraph at lines 497--497
\OT1/cmr/m/n/10.95 valid Use Case Doc-u-
 []


Underfull \hbox (badness 5637) in paragraph at lines 497--497
\OT1/cmr/m/n/10.95 and the al-ready im-
 []


Underfull \hbox (badness 1275) in paragraph at lines 497--497
\OT1/cmr/m/n/10.95 ported doc-u-ment have
 []


Underfull \hbox (badness 1629) in paragraph at lines 497--497
\OT1/cmr/m/n/10.95 fea-tures have at least
 []


Underfull \hbox (badness 1383) in paragraph at lines 497--497
[]\OT1/cmr/m/n/10.95 There is at least one
 []


Underfull \hbox (badness 7685) in paragraph at lines 497--497
\OT1/cmr/m/n/10.95 valid im-ported doc-u-
 []


Underfull \hbox (badness 2103) in paragraph at lines 498--498
\OT1/cmr/m/n/10.95 played in-di-cat-ing that
 []


Underfull \hbox (badness 5133) in paragraph at lines 498--498
\OT1/cmr/m/n/10.95 the doc-u-ment is be-
 []


Underfull \hbox (badness 2772) in paragraph at lines 498--498
\OT1/cmr/m/n/10.95 ing pro-cessed. [FR-
 []


Underfull \hbox (badness 6859) in paragraph at lines 499--499
\OT1/cmr/m/n/10.95 played in-di-cat-ing the
 []


Underfull \hbox (badness 1062) in paragraph at lines 499--499
\OT1/cmr/m/n/10.95 er-ror. [FR-TARGET-
 []


Underfull \hbox (badness 10000) in paragraph at lines 500--500
[]\OT1/cmr/m/n/10.95 The se-lected doc-u-
 []


Underfull \hbox (badness 8113) in paragraph at lines 500--500
\OT1/cmr/m/n/10.95 ment(s) will not be
 []


Underfull \hbox (badness 1325) in paragraph at lines 500--500
\OT1/cmr/m/n/10.95 im-ported. The fo-cus
 []


Underfull \hbox (badness 1546) in paragraph at lines 500--500
\OT1/cmr/m/n/10.95 goes back to "Im-port
 []


Overfull \hbox (109.7135pt too wide) in paragraph at lines 494--502
[][] 
 []


Overfull \hbox (25.34998pt too wide) in paragraph at lines 508--513
[] 
 []


Underfull \hbox (badness 1502) in paragraph at lines 517--517
[]\OT1/cmr/m/n/10.95 Double-click on a use
 []


Underfull \hbox (badness 2762) in paragraph at lines 517--517
\OT1/cmr/m/n/10.95 TaR-GeT. The project
 []


Underfull \hbox (badness 2452) in paragraph at lines 517--517
\OT1/cmr/m/n/10.95 has at least one im-
 []


Overfull \hbox (109.7135pt too wide) in paragraph at lines 514--519
[][] 
 []

[18]
Overfull \hbox (25.34998pt too wide) in paragraph at lines 520--525
[] 
 []


Underfull \hbox (badness 2762) in paragraph at lines 529--529
\OT1/cmr/m/n/10.95 TaR-GeT. The project
 []


Underfull \hbox (badness 2452) in paragraph at lines 529--529
\OT1/cmr/m/n/10.95 has at least one im-
 []


Overfull \hbox (109.7135pt too wide) in paragraph at lines 526--532
[][] 
 []


Overfull \hbox (25.34998pt too wide) in paragraph at lines 533--538
[] 
 []


Underfull \hbox (badness 2762) in paragraph at lines 542--542
\OT1/cmr/m/n/10.95 TaR-GeT. The project
 []


Underfull \hbox (badness 2452) in paragraph at lines 542--542
\OT1/cmr/m/n/10.95 has at least one im-
 []


Underfull \hbox (badness 10000) in paragraph at lines 543--543
[]\OT1/cmr/m/n/10.95 The se-lected Use
 []


Underfull \hbox (badness 6016) in paragraph at lines 543--543
\OT1/cmr/m/n/10.95 Case is dis-played in
 []


Underfull \hbox (badness 2213) in paragraph at lines 543--543
\OT1/cmr/m/n/10.95 HTML for-mat in the
 []


Overfull \hbox (109.7135pt too wide) in paragraph at lines 539--545
[][] 
 []

[19]
Overfull \hbox (25.34998pt too wide) in paragraph at lines 551--556
[] 
 []


Underfull \hbox (badness 1502) in paragraph at lines 560--560
[]\OT1/cmr/m/n/10.95 Double-click on a use
 []


Underfull \hbox (badness 10000) in paragraph at lines 560--560
\OT1/cmr/m/n/10.95 case with du-pli-cated
 []


Underfull \hbox (badness 2726) in paragraph at lines 560--560
\OT1/cmr/m/n/10.95 step ID in the "Use
 []


Underfull \hbox (badness 2762) in paragraph at lines 560--560
\OT1/cmr/m/n/10.95 TaR-GeT. The project
 []


Underfull \hbox (badness 2452) in paragraph at lines 560--560
\OT1/cmr/m/n/10.95 has at least one im-
 []


Underfull \hbox (badness 8019) in paragraph at lines 560--560
\OT1/cmr/m/n/10.95 The du-pli-cated steps
 []


Underfull \hbox (badness 10000) in paragraph at lines 560--560
\OT1/cmr/m/n/10.95 IDs are high-lighted.
 []


Overfull \hbox (109.7135pt too wide) in paragraph at lines 557--562
[][] 
 []


Overfull \hbox (25.34998pt too wide) in paragraph at lines 563--568
[] 
 []


Underfull \hbox (badness 4805) in paragraph at lines 572--572
\OT1/cmr/m/n/10.95 with in-valid step ID
 []


Underfull \hbox (badness 2111) in paragraph at lines 572--572
\OT1/cmr/m/n/10.95 ref-er-ence in the "Use
 []


Underfull \hbox (badness 2762) in paragraph at lines 572--572
\OT1/cmr/m/n/10.95 TaR-GeT. The project
 []


Underfull \hbox (badness 2452) in paragraph at lines 572--572
\OT1/cmr/m/n/10.95 has at least one im-
 []


Underfull \hbox (badness 6741) in paragraph at lines 573--573
\OT1/cmr/m/n/10.95 er-ence is high-lighted.
 []


Overfull \hbox (109.7135pt too wide) in paragraph at lines 569--575
[][] 
 []


Overfull \hbox (25.34998pt too wide) in paragraph at lines 576--581
[] 
 []


Underfull \hbox (badness 4805) in paragraph at lines 585--585
\OT1/cmr/m/n/10.95 with in-valid step ID
 []


Underfull \hbox (badness 2111) in paragraph at lines 585--585
\OT1/cmr/m/n/10.95 ref-er-ence in the "Use
 []


Underfull \hbox (badness 2762) in paragraph at lines 585--585
\OT1/cmr/m/n/10.95 TaR-GeT. The project
 []


Underfull \hbox (badness 2452) in paragraph at lines 585--585
\OT1/cmr/m/n/10.95 has at least one im-
 []


Underfull \hbox (badness 2150) in paragraph at lines 586--586
\OT1/cmr/m/n/10.95 for-mat in the de-fault
 []


Underfull \hbox (badness 1184) in paragraph at lines 586--586
\OT1/cmr/m/n/10.95 browser. The in-valid
 []


Overfull \hbox (109.7135pt too wide) in paragraph at lines 582--588
[][] 
 []

[20]
Overfull \hbox (25.34998pt too wide) in paragraph at lines 594--599
[] 
 []


Underfull \hbox (badness 2762) in paragraph at lines 603--603
\OT1/cmr/m/n/10.95 TaR-GeT. The project
 []


Underfull \hbox (badness 2302) in paragraph at lines 605--605
[]\OT1/cmr/m/n/10.95 Change the doc-u-ment
 []


Underfull \hbox (badness 4467) in paragraph at lines 605--605
\OT1/cmr/m/n/10.95 ton. [FR-TARGET-
 []


Underfull \hbox (badness 4048) in paragraph at lines 605--605
[]\OT1/cmr/m/n/10.95 The doc-u-ment is re-
 []


Overfull \hbox (109.7135pt too wide) in paragraph at lines 600--607
[][] 
 []


Overfull \hbox (25.34998pt too wide) in paragraph at lines 608--613
[] 
 []


Underfull \hbox (badness 3977) in paragraph at lines 617--617
[]\OT1/cmr/m/n/10.95 Right-click on a Use
 []


Underfull \hbox (badness 2762) in paragraph at lines 617--617
\OT1/cmr/m/n/10.95 TaR-GeT. The project
 []


Underfull \hbox (badness 2452) in paragraph at lines 617--617
\OT1/cmr/m/n/10.95 has at least one im-
 []


Underfull \hbox (badness 2302) in paragraph at lines 619--619
[]\OT1/cmr/m/n/10.95 Change the doc-u-ment
 []


Underfull \hbox (badness 4467) in paragraph at lines 619--619
\OT1/cmr/m/n/10.95 ton. [FR-TARGET-
 []


Underfull \hbox (badness 4048) in paragraph at lines 619--619
[]\OT1/cmr/m/n/10.95 The doc-u-ment is re-
 []


Overfull \hbox (109.7135pt too wide) in paragraph at lines 614--621
[][] 
 []

[21]
Overfull \hbox (25.34998pt too wide) in paragraph at lines 622--627
[] 
 []


Underfull \hbox (badness 1902) in paragraph at lines 631--631
\OT1/cmr/m/n/10.95 Se-lect more than one
 []


Underfull \hbox (badness 10000) in paragraph at lines 631--631
\OT1/cmr/m/n/10.95 doc-u-ment and right-
 []


Underfull \hbox (badness 1264) in paragraph at lines 631--631
\OT1/cmr/m/n/10.95 click on the se-lec-tion.
 []


Underfull \hbox (badness 2762) in paragraph at lines 631--631
\OT1/cmr/m/n/10.95 TaR-GeT. The project
 []


Underfull \hbox (badness 1755) in paragraph at lines 631--631
\OT1/cmr/m/n/10.95 dis-played. The "Re-
 []


Underfull \hbox (badness 4036) in paragraph at lines 631--631
\OT1/cmr/m/n/10.95 name" op-tion is dis-
 []


Overfull \hbox (109.7135pt too wide) in paragraph at lines 628--633
[][] 
 []


Overfull \hbox (25.34998pt too wide) in paragraph at lines 634--639
[] 
 []


Overfull \hbox (109.7135pt too wide) in paragraph at lines 640--646
[][] 
 []


Overfull \hbox (25.34998pt too wide) in paragraph at lines 647--652
[] 
 []

[22]
Underfull \hbox (badness 4048) in paragraph at lines 658--658
[]\OT1/cmr/m/n/10.95 The doc-u-ment is re-
 []


Overfull \hbox (109.7135pt too wide) in paragraph at lines 653--660
[][] 
 []


Overfull \hbox (25.34998pt too wide) in paragraph at lines 661--666
[] 
 []


Overfull \hbox (109.7135pt too wide) in paragraph at lines 667--672
[][] 
 []


Overfull \hbox (25.34998pt too wide) in paragraph at lines 673--678
[] 
 []


Underfull \hbox (badness 3977) in paragraph at lines 682--682
[]\OT1/cmr/m/n/10.95 Right-click on a Use
 []


Underfull \hbox (badness 2762) in paragraph at lines 682--682
\OT1/cmr/m/n/10.95 TaR-GeT. The project
 []


Underfull \hbox (badness 2426) in paragraph at lines 682--682
\OT1/cmr/m/n/10.95 has at least two use
 []


Underfull \hbox (badness 1755) in paragraph at lines 682--682
\OT1/cmr/m/n/10.95 dis-played. The "Re-
 []


Underfull \hbox (badness 5862) in paragraph at lines 682--682
\OT1/cmr/m/n/10.95 name" op-tion is en-
 []


Underfull \hbox (badness 4872) in paragraph at lines 684--684
\OT1/cmr/m/n/10.95 "OK" but-ton is dis-
 []


Overfull \hbox (109.7135pt too wide) in paragraph at lines 679--686
[][] 
 []

[23]
Overfull \hbox (25.34998pt too wide) in paragraph at lines 687--692
[] 
 []


Underfull \hbox (badness 2762) in paragraph at lines 696--696
\OT1/cmr/m/n/10.95 TaR-GeT. The project
 []


Underfull \hbox (badness 1681) in paragraph at lines 696--696
\OT1/cmr/m/n/10.95 has at least two test
 []


Underfull \hbox (badness 1755) in paragraph at lines 696--696
\OT1/cmr/m/n/10.95 dis-played. The "Re-
 []


Underfull \hbox (badness 5862) in paragraph at lines 696--696
\OT1/cmr/m/n/10.95 name" op-tion is en-
 []


Overfull \hbox (109.7135pt too wide) in paragraph at lines 693--698
[][] 
 []


Overfull \hbox (25.34998pt too wide) in paragraph at lines 699--704
[] 
 []


Underfull \hbox (badness 4872) in paragraph at lines 708--708
\OT1/cmr/m/n/10.95 "OK" but-ton is dis-
 []


Overfull \hbox (109.7135pt too wide) in paragraph at lines 705--710
[][] 
 []


Overfull \hbox (25.34998pt too wide) in paragraph at lines 716--721
[] 
 []

[24]
Underfull \hbox (badness 2762) in paragraph at lines 725--725
\OT1/cmr/m/n/10.95 TaR-GeT. The project
 []


Underfull \hbox (badness 2662) in paragraph at lines 726--726
[]\OT1/cmr/m/n/10.95 A di-a-log is dis-played
 []


Underfull \hbox (badness 10000) in paragraph at lines 727--727
[]\OT1/cmr/m/n/10.95 The doc-u-ment(s) is
 []


Underfull \hbox (badness 5637) in paragraph at lines 727--727
\OT1/cmr/m/n/10.95 (are) deleted. The
 []


Underfull \hbox (badness 10000) in paragraph at lines 727--727
\OT1/cmr/m/n/10.95 project work area
 []


Underfull \hbox (badness 10000) in paragraph at lines 727--727
\OT1/cmr/m/n/10.95 is re-freshed. [FR-
 []


Overfull \hbox (109.7135pt too wide) in paragraph at lines 722--729
[][] 
 []


Overfull \hbox (25.34998pt too wide) in paragraph at lines 730--735
[] 
 []


Underfull \hbox (badness 3977) in paragraph at lines 739--739
[]\OT1/cmr/m/n/10.95 Right-click on a Use
 []


Underfull \hbox (badness 2762) in paragraph at lines 739--739
\OT1/cmr/m/n/10.95 TaR-GeT. The project
 []


Underfull \hbox (badness 2452) in paragraph at lines 739--739
\OT1/cmr/m/n/10.95 has at least one im-
 []


Underfull \hbox (badness 2662) in paragraph at lines 740--740
[]\OT1/cmr/m/n/10.95 A di-a-log is dis-played
 []


Underfull \hbox (badness 1342) in paragraph at lines 741--741
\OT1/cmr/m/n/10.95 deleted. The project
 []


Overfull \hbox (109.7135pt too wide) in paragraph at lines 736--743
[][] 
 []


Overfull \hbox (25.34998pt too wide) in paragraph at lines 744--749
[] 
 []

[25]
Underfull \hbox (badness 3977) in paragraph at lines 753--753
[]\OT1/cmr/m/n/10.95 Right-click on a Use
 []


Underfull \hbox (badness 2762) in paragraph at lines 753--753
\OT1/cmr/m/n/10.95 TaR-GeT. The project
 []


Underfull \hbox (badness 2245) in paragraph at lines 753--753
\OT1/cmr/m/n/10.95 has at least two im-
 []


Underfull \hbox (badness 1596) in paragraph at lines 753--753
\OT1/cmr/m/n/10.95 u-ments. A use case
 []


Underfull \hbox (badness 1142) in paragraph at lines 753--753
\OT1/cmr/m/n/10.95 is re-ferred by an-other
 []


Underfull \hbox (badness 2662) in paragraph at lines 754--754
[]\OT1/cmr/m/n/10.95 A di-a-log is dis-played
 []


Underfull \hbox (badness 3942) in paragraph at lines 754--754
\OT1/cmr/m/n/10.95 ask-ing a con-fir-ma-tion
 []


Underfull \hbox (badness 1005) in paragraph at lines 754--754
\OT1/cmr/m/n/10.95 doc-u-ment is be-ing re-
 []


Underfull \hbox (badness 10000) in paragraph at lines 755--755
[]\OT1/cmr/m/n/10.95 The doc-u-ment(s)
 []


Underfull \hbox (badness 2253) in paragraph at lines 755--755
\OT1/cmr/m/n/10.95 is(are) deleted. The
 []


Underfull \hbox (badness 5064) in paragraph at lines 755--755
\OT1/cmr/m/n/10.95 project work area is
 []


Underfull \hbox (badness 10000) in paragraph at lines 755--755
\OT1/cmr/m/n/10.95 [FR-TARGET-0015,
 []


Overfull \hbox (109.7135pt too wide) in paragraph at lines 750--757
[][] 
 []


Overfull \hbox (25.34998pt too wide) in paragraph at lines 758--763
[] 
 []


Underfull \hbox (badness 1902) in paragraph at lines 767--767
\OT1/cmr/m/n/10.95 Se-lect more than one
 []


Underfull \hbox (badness 2762) in paragraph at lines 767--767
\OT1/cmr/m/n/10.95 TaR-GeT. The project
 []


Overfull \hbox (109.7135pt too wide) in paragraph at lines 764--769
[][] 
 []


Overfull \hbox (25.34998pt too wide) in paragraph at lines 770--775
[] 
 []

[26]
Underfull \hbox (badness 2512) in paragraph at lines 779--779
\OT1/cmr/m/n/10.95 Doc-u-ment, and right-
 []


Underfull \hbox (badness 6094) in paragraph at lines 779--779
[]\OT1/cmr/m/n/10.95 A project is opened
 []


Underfull \hbox (badness 10000) in paragraph at lines 779--779
\OT1/cmr/m/n/10.95 in TaR-GeT. The
 []


Underfull \hbox (badness 7704) in paragraph at lines 779--779
\OT1/cmr/m/n/10.95 project has at least
 []


Underfull \hbox (badness 10000) in paragraph at lines 779--779
\OT1/cmr/m/n/10.95 by an-other im-ported
 []


Underfull \hbox (badness 2662) in paragraph at lines 780--780
[]\OT1/cmr/m/n/10.95 A di-a-log is dis-played
 []


Underfull \hbox (badness 3942) in paragraph at lines 780--780
\OT1/cmr/m/n/10.95 ask-ing a con-fir-ma-tion
 []


Underfull \hbox (badness 1005) in paragraph at lines 780--780
\OT1/cmr/m/n/10.95 doc-u-ment is be-ing re-
 []


Underfull \hbox (badness 10000) in paragraph at lines 781--781
[]\OT1/cmr/m/n/10.95 The doc-u-ment(s)
 []


Underfull \hbox (badness 2253) in paragraph at lines 781--781
\OT1/cmr/m/n/10.95 is(are) deleted. The
 []


Underfull \hbox (badness 5064) in paragraph at lines 781--781
\OT1/cmr/m/n/10.95 project work area is
 []


Underfull \hbox (badness 10000) in paragraph at lines 781--781
\OT1/cmr/m/n/10.95 [FR-TARGET-0015,
 []


Overfull \hbox (109.7135pt too wide) in paragraph at lines 776--783
[][] 
 []


Overfull \hbox (25.34998pt too wide) in paragraph at lines 784--789
[] 
 []


Underfull \hbox (badness 3439) in paragraph at lines 793--793
\OT1/cmr/m/n/10.95 Use Case Doc-u-ments,
 []


Underfull \hbox (badness 2762) in paragraph at lines 793--793
\OT1/cmr/m/n/10.95 TaR-GeT. The project
 []


Overfull \hbox (109.7135pt too wide) in paragraph at lines 790--795
[][] 
 []


Overfull \hbox (25.34998pt too wide) in paragraph at lines 796--801
[] 
 []

[27]
Underfull \hbox (badness 10000) in paragraph at lines 805--805
[]\OT1/cmr/m/n/10.95 The doc-u-ment(s) is
 []


Overfull \hbox (109.7135pt too wide) in paragraph at lines 802--807
[][] 
 []


Overfull \hbox (25.34998pt too wide) in paragraph at lines 813--818
[] 
 []


Underfull \hbox (badness 5091) in paragraph at lines 822--822
\OT1/cmr/m/n/10.95 A project is al-ready
 []


Underfull \hbox (badness 1314) in paragraph at lines 822--822
\OT1/cmr/m/n/10.95 opened. There is at
 []


Underfull \hbox (badness 2005) in paragraph at lines 822--822
\OT1/cmr/m/n/10.95 ported. No er-ror is
 []


Overfull \hbox (109.7135pt too wide) in paragraph at lines 819--827
[][] 
 []


Overfull \hbox (25.34998pt too wide) in paragraph at lines 828--833
[] 
 []


Overfull \hbox (109.7135pt too wide) in paragraph at lines 834--839
[][] 
 []

[28]
Overfull \hbox (25.34998pt too wide) in paragraph at lines 840--845
[] 
 []


Underfull \hbox (badness 1424) in paragraph at lines 850--850
\OT1/cmr/m/n/10.95 Re-sults" View. [FR-
 []


Overfull \hbox (109.7135pt too wide) in paragraph at lines 846--852
[][] 
 []


Overfull \hbox (25.34998pt too wide) in paragraph at lines 853--858
[] 
 []


Underfull \hbox (badness 10000) in paragraph at lines 862--862
[]\OT1/cmr/m/n/10.95 Type "from step:
 []


Underfull \hbox (badness 1325) in paragraph at lines 862--862
\OT1/cmr/m/n/10.95 START" in the in-put
 []


Overfull \hbox (109.7135pt too wide) in paragraph at lines 859--864
[][] 
 []


Overfull \hbox (25.34998pt too wide) in paragraph at lines 865--870
[] 
 []


Overfull \hbox (109.7135pt too wide) in paragraph at lines 871--876
[][] 
 []


Overfull \hbox (25.34998pt too wide) in paragraph at lines 882--887
[] 
 []

[29]
Underfull \hbox (badness 1502) in paragraph at lines 891--891
[]\OT1/cmr/m/n/10.95 Double-click on a use
 []


Underfull \hbox (badness 10000) in paragraph at lines 891--891
\OT1/cmr/m/n/10.95 for-mat in the main
 []


Underfull \hbox (badness 6978) in paragraph at lines 891--891
\OT1/cmr/m/n/10.95 panel. The search
 []


Overfull \hbox (109.7135pt too wide) in paragraph at lines 888--893
[][] 
 []


Overfull \hbox (25.34998pt too wide) in paragraph at lines 899--904
[] 
 []


Underfull \hbox (badness 7832) in paragraph at lines 908--908
[]\OT1/cmr/m/n/10.95 A drop down menu
 []


Underfull \hbox (badness 7379) in paragraph at lines 908--908
\OT1/cmr/m/n/10.95 is dis-played. [FR-
 []


Underfull \hbox (badness 5431) in paragraph at lines 909--909
[]\OT1/cmr/m/n/10.95 Choose "About TaR-
 []


Underfull \hbox (badness 10000) in paragraph at lines 909--909
[]\OT1/cmr/m/n/10.95 "About" win-dow is
 []


Underfull \hbox (badness 2368) in paragraph at lines 909--909
\OT1/cmr/m/n/10.95 dis-played. The con-
 []


Underfull \hbox (badness 5607) in paragraph at lines 909--909
\OT1/cmr/m/n/10.95 tent of the win-dows
 []


Overfull \hbox (109.7135pt too wide) in paragraph at lines 905--911
[][] 
 []


Overfull \hbox (25.34998pt too wide) in paragraph at lines 917--922
[] 
 []


Overfull \hbox (109.7135pt too wide) in paragraph at lines 923--929
[][] 
 []

[30]
Overfull \hbox (25.34998pt too wide) in paragraph at lines 935--940
[] 
 []


Underfull \hbox (badness 10000) in paragraph at lines 944--944
[]\OT1/cmr/m/n/10.95 The Java run-time
 []


Underfull \hbox (badness 10000) in paragraph at lines 944--944
\OT1/cmr/m/n/10.95 en-vi-ron-ment is not
 []


Underfull \hbox (badness 7415) in paragraph at lines 944--944
\OT1/cmr/m/n/10.95 (see re-quire-ments for
 []


Underfull \hbox (badness 10000) in paragraph at lines 944--944
\OT1/cmr/m/n/10.95 fur-ther in-for-ma-tion
 []


Underfull \hbox (badness 10000) in paragraph at lines 944--944
\OT1/cmr/m/n/10.95 about Java ver-sion).
 []


Overfull \hbox (109.7135pt too wide) in paragraph at lines 941--946
[][] 
 []


Overfull \hbox (25.34998pt too wide) in paragraph at lines 947--952
[] 
 []


Underfull \hbox (badness 4967) in paragraph at lines 956--956
[]\OT1/cmr/m/n/10.95 The .NET and Java
 []


Underfull \hbox (badness 10000) in paragraph at lines 956--956
\OT1/cmr/m/n/10.95 run-time en-vi-ron-ment
 []


Underfull \hbox (badness 10000) in paragraph at lines 956--956
\OT1/cmr/m/n/10.95 are in-stalled in the
 []


Underfull \hbox (badness 5533) in paragraph at lines 956--956
\OT1/cmr/m/n/10.95 ma-chine (see re-quire-
 []


Underfull \hbox (badness 10000) in paragraph at lines 956--956
\OT1/cmr/m/n/10.95 ments for fur-ther
 []


Underfull \hbox (badness 10000) in paragraph at lines 956--956
\OT1/cmr/m/n/10.95 and .NET ver-sions)
 []


Underfull \hbox (badness 10000) in paragraph at lines 956--956
\OT1/cmr/m/n/10.95 [ER-TARGET-0020,
 []


Overfull \hbox (109.7135pt too wide) in paragraph at lines 953--959
[][] 
 []

[31]
Overfull \hbox (25.34998pt too wide) in paragraph at lines 960--965
[] 
 []


Underfull \hbox (badness 10000) in paragraph at lines 969--969
[]\OT1/cmr/m/n/10.95 Java run-time en-vi-
 []


Underfull \hbox (badness 10000) in paragraph at lines 969--969
\OT1/cmr/m/n/10.95 ron-ment is in-stalled
 []


Underfull \hbox (badness 3128) in paragraph at lines 969--969
\OT1/cmr/m/n/10.95 ment is not in-stalled
 []


Underfull \hbox (badness 7203) in paragraph at lines 969--969
\OT1/cmr/m/n/10.95 in the ma-chine (see
 []


Underfull \hbox (badness 10000) in paragraph at lines 969--969
\OT1/cmr/m/n/10.95 and .NET ver-sions).
 []


Underfull \hbox (badness 10000) in paragraph at lines 969--969
\OT1/cmr/m/n/10.95 [ER-TARGET-0020,
 []


Overfull \hbox (109.7135pt too wide) in paragraph at lines 966--971
[][] 
 []


Overfull \hbox (25.34998pt too wide) in paragraph at lines 977--982
[] 
 []

[32]
Underfull \hbox (badness 1117) in paragraph at lines 986--986
[]\OT1/cmr/m/n/10.95 Go to "Tools" in the
 []


Underfull \hbox (badness 7151) in paragraph at lines 986--986
[]\OT1/cmr/m/n/10.95 There is an al-ready
 []


Underfull \hbox (badness 10000) in paragraph at lines 986--986
\OT1/cmr/m/n/10.95 cre-ated project with
 []


Underfull \hbox (badness 1348) in paragraph at lines 986--986
\OT1/cmr/m/n/10.95 at least one im-ported
 []


Underfull \hbox (badness 7832) in paragraph at lines 986--986
[]\OT1/cmr/m/n/10.95 A drop down menu
 []


Underfull \hbox (badness 10000) in paragraph at lines 986--986
\OT1/cmr/m/n/10.95 is dis-played with
 []


Underfull \hbox (badness 10000) in paragraph at lines 987--987
\OT1/cmr/m/n/10.95 Ini-tial ID", "Empty
 []


Underfull \hbox (badness 1325) in paragraph at lines 987--987
\OT1/cmr/m/n/10.95 fix", "Print Use Case
 []


Underfull \hbox (badness 10000) in paragraph at lines 987--987
\OT1/cmr/m/n/10.95 De-scrip-tion", "Print
 []


Underfull \hbox (badness 10000) in paragraph at lines 987--987
\OT1/cmr/m/n/10.95 "Keep Re-quire-ments"
 []


Overfull \hbox (109.7135pt too wide) in paragraph at lines 983--989
[][] 
 []


Overfull \hbox (25.34998pt too wide) in paragraph at lines 990--995
[] 
 []


Underfull \hbox (badness 10000) in paragraph at lines 999--999
[]\OT1/cmr/m/n/10.95 The field was not
 []


Underfull \hbox (badness 10000) in paragraph at lines 999--999
\OT1/cmr/m/n/10.95 changed, the pref-er-
 []


Underfull \hbox (badness 1803) in paragraph at lines 999--999
\OT1/cmr/m/n/10.95 ences screen is closed
 []


Underfull \hbox (badness 2875) in paragraph at lines 999--999
\OT1/cmr/m/n/10.95 to the main win-dow.
 []


Overfull \hbox (109.7135pt too wide) in paragraph at lines 996--1001
[][] 
 []


Overfull \hbox (25.34998pt too wide) in paragraph at lines 1002--1007
[] 
 []


Underfull \hbox (badness 1466) in paragraph at lines 1011--1011
[]\OT1/cmr/m/n/10.95 Type a wanted pre-fix
 []


Underfull \hbox (badness 2213) in paragraph at lines 1011--1011
[]\OT1/cmr/m/n/10.95 The "Print Flow De-
 []


Underfull \hbox (badness 1442) in paragraph at lines 1011--1011
\OT1/cmr/m/n/10.95 scrip-tion" field in the
 []


Underfull \hbox (badness 10000) in paragraph at lines 1012--1012
[]\OT1/cmr/m/n/10.95 All test cases con-
 []


Underfull \hbox (badness 10000) in paragraph at lines 1012--1012
\OT1/cmr/m/n/10.95 tain their ob-jec-tive
 []


Underfull \hbox (badness 5637) in paragraph at lines 1012--1012
\OT1/cmr/m/n/10.95 field with the pre-fix
 []


Underfull \hbox (badness 5832) in paragraph at lines 1012--1012
\OT1/cmr/m/n/10.95 de-fined by the user.
 []


Underfull \hbox (badness 10000) in paragraph at lines 1012--1012
\OT1/cmr/m/n/10.95 [FR-TARGET-0235,
 []


Overfull \hbox (109.7135pt too wide) in paragraph at lines 1008--1014
[][] 
 []

[33]
Overfull \hbox (25.34998pt too wide) in paragraph at lines 1015--1020
[] 
 []


Underfull \hbox (badness 1281) in paragraph at lines 1024--1024
\OT1/cmr/m/n/10.95 in the "Empty Field"
 []


Underfull \hbox (badness 2213) in paragraph at lines 1024--1024
[]\OT1/cmr/m/n/10.95 The "Print Flow De-
 []


Underfull \hbox (badness 5008) in paragraph at lines 1024--1024
\OT1/cmr/m/n/10.95 scrip-tion" and "Print
 []


Underfull \hbox (badness 5077) in paragraph at lines 1024--1024
\OT1/cmr/m/n/10.95 Use case de-scrip-tion"
 []


Underfull \hbox (badness 1629) in paragraph at lines 1024--1024
\OT1/cmr/m/n/10.95 fields is con-fig-ured to
 []


Underfull \hbox (badness 1616) in paragraph at lines 1025--1025
[]\OT1/cmr/m/n/10.95 In all test cases, the
 []


Underfull \hbox (badness 10000) in paragraph at lines 1025--1025
\OT1/cmr/m/n/10.95 [FR-TARGET-0235,
 []


Overfull \hbox (109.7135pt too wide) in paragraph at lines 1021--1027
[][] 
 []


Overfull \hbox (25.34998pt too wide) in paragraph at lines 1028--1033
[] 
 []


Underfull \hbox (badness 10000) in paragraph at lines 1037--1037
[]\OT1/cmr/m/n/10.95 Type "<tc-featureid>-
 []


Underfull \hbox (badness 1033) in paragraph at lines 1037--1037
\OT1/cmr/m/n/10.95 TESTE-<tc-id>" in the
 []


Underfull \hbox (badness 10000) in paragraph at lines 1038--1038
[]\OT1/cmr/m/n/10.95 All Test Case Id
 []


Underfull \hbox (badness 10000) in paragraph at lines 1038--1038
\OT1/cmr/m/n/10.95 fields are filled ac-
 []


Underfull \hbox (badness 8019) in paragraph at lines 1038--1038
\OT1/cmr/m/n/10.95 cord-ing the stan-dard
 []


Underfull \hbox (badness 5832) in paragraph at lines 1038--1038
\OT1/cmr/m/n/10.95 de-fined by the user.
 []


Underfull \hbox (badness 10000) in paragraph at lines 1038--1038
\OT1/cmr/m/n/10.95 [FR-TARGET-0235,
 []


Overfull \hbox (109.7135pt too wide) in paragraph at lines 1034--1040
[][] 
 []

[34]
Overfull \hbox (25.34998pt too wide) in paragraph at lines 1047--1053
[] 
 []


Underfull \hbox (badness 1014) in paragraph at lines 1057--1059
\OT1/cmr/m/n/10.95 with at least one im-
 []


Underfull \hbox (badness 7832) in paragraph at lines 1059--1061
[]\OT1/cmr/m/n/10.95 A drop down menu
 []


Underfull \hbox (badness 10000) in paragraph at lines 1059--1061
\OT1/cmr/m/n/10.95 is dis-played with
 []


Underfull \hbox (badness 1917) in paragraph at lines 1059--1061
\OT1/cmr/m/n/10.95 op-tions. The "Ba-sic
 []


Underfull \hbox (badness 3590) in paragraph at lines 1059--1061
\OT1/cmr/m/n/10.95 Gen-er-a-tion" op-tion is
 []


Overfull \hbox (109.7135pt too wide) in paragraph at lines 1054--1063
[][] 
 []


Overfull \hbox (25.34998pt too wide) in paragraph at lines 1069--1074
[] 
 []


Overfull \hbox (109.7135pt too wide) in paragraph at lines 1075--1080
[][] 
 []

[35]
Overfull \hbox (25.34998pt too wide) in paragraph at lines 1081--1086
[] 
 []


Underfull \hbox (badness 5091) in paragraph at lines 1090--1090
[]\OT1/cmr/m/n/10.95 The .xls tem-plate is
 []


Underfull \hbox (badness 2486) in paragraph at lines 1090--1090
\OT1/cmr/m/n/10.95 the tem-plate in-for-ma-
 []


Underfull \hbox (badness 2828) in paragraph at lines 1090--1090
\OT1/cmr/m/n/10.95 tion will not be im-
 []


Overfull \hbox (109.7135pt too wide) in paragraph at lines 1087--1092
[][] 
 []

[36] (./4STD.aux) ) 
Here is how much of TeX's memory you used:
 250 strings out of 493887
 2813 string characters out of 1151122
 60889 words of memory out of 3000000
 3596 multiletter control sequences out of 10000+50000
 8811 words of font info for 31 fonts, out of 3000000 for 5000
 714 hyphenation exceptions out of 8191
 21i,8n,19p,439b,193s stack positions out of 5000i,500n,10000p,200000b,50000s

Output written on 4STD.dvi (36 pages, 106356 bytes).
