This is pdfTeXk, Version 3.1415926-1.40.9 (Web2C 7.5.7) (format=latex 2008.8.22)  18 FEB 2010 16:16
entering extended mode
 %&-line parsing enabled.
**use-cases.tex
(./use-cases.tex
LaTeX2e <2005/12/01>
Babel <v3.8l> and hyphenation patterns for english, usenglishmax, dumylang, noh
yphenation, german-x-2008-06-18, ngerman-x-2008-06-18, ancientgreek, ibycus, ar
abic, basque, bulgarian, catalan, pinyin, coptic, croatian, czech, danish, dutc
h, esperanto, estonian, farsi, finnish, french, galician, german, ngerman, mono
greek, greek, hungarian, icelandic, indonesian, interlingua, irish, italian, la
tin, mongolian, mongolian2a, bokmal, nynorsk, polish, portuguese, romanian, rus
sian, sanskrit, serbian, slovak, slovenian, spanish, swedish, turkish, ukenglis
h, ukrainian, uppersorbian, welsh, loaded.
(/usr/local/texlive/2008/texmf-dist/tex/latex/base/article.cls
Document Class: article 2005/09/16 v1.4f Standard LaTeX document class
(/usr/local/texlive/2008/texmf-dist/tex/latex/base/size11.clo
File: size11.clo 2005/09/16 v1.4f Standard LaTeX file (size option)
)
\c@part=\count79
\c@section=\count80
\c@subsection=\count81
\c@subsubsection=\count82
\c@paragraph=\count83
\c@subparagraph=\count84
\c@figure=\count85
\c@table=\count86
\abovecaptionskip=\skip41
\belowcaptionskip=\skip42
\bibindent=\dimen102
)
(./use-cases.aux)
\openout1 = `use-cases.aux'.

LaTeX Font Info:    Checking defaults for OML/cmm/m/it on input line 6.
LaTeX Font Info:    ... okay on input line 6.
LaTeX Font Info:    Checking defaults for T1/cmr/m/n on input line 6.
LaTeX Font Info:    ... okay on input line 6.
LaTeX Font Info:    Checking defaults for OT1/cmr/m/n on input line 6.
LaTeX Font Info:    ... okay on input line 6.
LaTeX Font Info:    Checking defaults for OMS/cmsy/m/n on input line 6.
LaTeX Font Info:    ... okay on input line 6.
LaTeX Font Info:    Checking defaults for OMX/cmex/m/n on input line 6.
LaTeX Font Info:    ... okay on input line 6.
LaTeX Font Info:    Checking defaults for U/cmr/m/n on input line 6.
LaTeX Font Info:    ... okay on input line 6.
LaTeX Font Info:    External font `cmex10' loaded for size
(Font)              <12> on input line 7.
LaTeX Font Info:    External font `cmex10' loaded for size
(Font)              <8> on input line 7.
LaTeX Font Info:    External font `cmex10' loaded for size
(Font)              <6> on input line 7.


LaTeX Warning: No \author given.

LaTeX Font Info:    Try loading font information for OMS+cmr on input line 11.
(/usr/local/texlive/2008/texmf-dist/tex/latex/base/omscmr.fd
File: omscmr.fd 1999/05/25 v2.5h Standard LaTeX font definitions
)
LaTeX Font Info:    Font shape `OMS/cmr/m/n' in size <10.95> not available
(Font)              Font shape `OMS/cmsy/m/n' tried instead on input line 11.
LaTeX Font Info:    External font `cmex10' loaded for size
(Font)              <10.95> on input line 16.

Overfull \hbox (25.34998pt too wide) in paragraph at lines 16--22
[] 
 []


Underfull \hbox (badness 1946) in paragraph at lines 29--31
[]\OT1/cmr/m/n/10.95 The sys-tem cre-ates a
 []


Underfull \hbox (badness 10000) in paragraph at lines 29--31
\OT1/cmr/m/n/10.95 new with-drawal and
 []


Underfull \hbox (badness 1874) in paragraph at lines 39--41
\OT1/cmr/m/n/10.95 not greater than cur-
 []


Underfull \hbox (badness 2671) in paragraph at lines 39--41
\OT1/cmr/m/n/10.95 rent bal-ance plus U$
 []


Underfull \hbox (badness 4846) in paragraph at lines 46--47
[]\OT1/cmr/m/n/10.95 The sys-tem au-then-ti-
 []


Underfull \hbox (badness 10000) in paragraph at lines 56--58
\OT1/cmr/m/n/10.95 ac-tion in-for-ma-tion is
 []


Underfull \hbox (badness 1057) in paragraph at lines 59--60
[]\OT1/cmr/m/n/10.95 The trans-ac-tion is re-
 []


Overfull \hbox (39.8973pt too wide) in paragraph at lines 23--62
[][] 
 []

[1

]
Overfull \hbox (25.34998pt too wide) in paragraph at lines 63--69
[] 
 []

[2]
Underfull \hbox (badness 7869) in paragraph at lines 74--75
[]\OT1/cmr/m/n/10.95 The cus-tomer se-lects
 []


Underfull \hbox (badness 3579) in paragraph at lines 76--78
[]\OT1/cmr/m/n/10.95 The sys-tem asks the
 []


Underfull \hbox (badness 2384) in paragraph at lines 80--81
[]\OT1/cmr/m/n/10.95 The cus-tomer in-forms
 []


Underfull \hbox (badness 3471) in paragraph at lines 85--86
\OT1/cmr/m/n/10.95 amount of stocks in-
 []


Underfull \hbox (badness 4846) in paragraph at lines 95--96
[]\OT1/cmr/m/n/10.95 The sys-tem au-then-ti-
 []


Underfull \hbox (badness 1067) in paragraph at lines 98--100
[]\OT1/cmr/m/n/10.95 The bank sys-tem cre-
 []


Overfull \hbox (39.8973pt too wide) in paragraph at lines 70--109
[][] 
 []


Overfull \hbox (25.34998pt too wide) in paragraph at lines 110--118
[] 
 []


Underfull \hbox (badness 1028) in paragraph at lines 125--128
\OT1/cmr/m/n/10.95 ti-na-tion bank and ac-
 []


Underfull \hbox (badness 2384) in paragraph at lines 130--132
[]\OT1/cmr/m/n/10.95 The cus-tomer in-forms
 []


Underfull \hbox (badness 10000) in paragraph at lines 130--132
\OT1/cmr/m/n/10.95 the des-ti-na-tion bank
 []


Underfull \hbox (badness 1874) in paragraph at lines 140--142
\OT1/cmr/m/n/10.95 not greater than cur-
 []


Underfull \hbox (badness 2671) in paragraph at lines 140--142
\OT1/cmr/m/n/10.95 rent bal-ance plus U$
 []


Underfull \hbox (badness 4846) in paragraph at lines 147--148
[]\OT1/cmr/m/n/10.95 The sys-tem au-then-ti-
 []


Underfull \hbox (badness 10000) in paragraph at lines 152--155
[]\OT1/cmr/m/n/10.95 The bank sys-tem
 []


Underfull \hbox (badness 10000) in paragraph at lines 152--155
\OT1/cmr/m/n/10.95 with-draws the trans-
 []


Underfull \hbox (badness 3872) in paragraph at lines 152--155
\OT1/cmr/m/n/10.95 fer amount from the
 []


Underfull \hbox (badness 2951) in paragraph at lines 157--160
[]\OT1/cmr/m/n/10.95 The bank sys-tem re-
 []


Underfull \hbox (badness 10000) in paragraph at lines 161--163
\OT1/cmr/m/n/10.95 ac-tion in-for-ma-tion is
 []


Underfull \hbox (badness 1057) in paragraph at lines 164--165
[]\OT1/cmr/m/n/10.95 The trans-ac-tion is re-
 []


Overfull \hbox (39.8973pt too wide) in paragraph at lines 119--167
[][] 
 []

[3]
Overfull \vbox (43.09976pt too high) has occurred while \output is active []


[4] (./use-cases.aux) ) 
Here is how much of TeX's memory you used:
 250 strings out of 493887
 2858 string characters out of 1151122
 61889 words of memory out of 3000000
 3596 multiletter control sequences out of 10000+50000
 8811 words of font info for 31 fonts, out of 3000000 for 5000
 714 hyphenation exceptions out of 8191
 21i,8n,19p,152b,193s stack positions out of 5000i,500n,10000p,200000b,50000s

Output written on use-cases.dvi (4 pages, 10512 bytes).
