This is pdfTeXk, Version 3.1415926-1.40.9 (Web2C 7.5.7) (format=latex 2008.8.22)  29 JAN 2010 16:28
entering extended mode
 %&-line parsing enabled.
**use-cases.tex
(./use-cases.tex
LaTeX2e <2005/12/01>
Babel <v3.8l> and hyphenation patterns for english, usenglishmax, dumylang, noh
yphenation, german-x-2008-06-18, ngerman-x-2008-06-18, ancientgreek, ibycus, ar
abic, basque, bulgarian, catalan, pinyin, coptic, croatian, czech, danish, dutc
h, esperanto, estonian, farsi, finnish, french, galician, german, ngerman, mono
greek, greek, hungarian, icelandic, indonesian, interlingua, irish, italian, la
tin, mongolian, mongolian2a, bokmal, nynorsk, polish, portuguese, romanian, rus
sian, sanskrit, serbian, slovak, slovenian, spanish, swedish, turkish, ukenglis
h, ukrainian, uppersorbian, welsh, loaded.
(/usr/local/texlive/2008/texmf-dist/tex/latex/base/article.cls
Document Class: article 2005/09/16 v1.4f Standard LaTeX document class
(/usr/local/texlive/2008/texmf-dist/tex/latex/base/size11.clo
File: size11.clo 2005/09/16 v1.4f Standard LaTeX file (size option)
)
\c@part=\count79
\c@section=\count80
\c@subsection=\count81
\c@subsubsection=\count82
\c@paragraph=\count83
\c@subparagraph=\count84
\c@figure=\count85
\c@table=\count86
\abovecaptionskip=\skip41
\belowcaptionskip=\skip42
\bibindent=\dimen102
)
(./use-cases.aux)
\openout1 = `use-cases.aux'.

LaTeX Font Info:    Checking defaults for OML/cmm/m/it on input line 6.
LaTeX Font Info:    ... okay on input line 6.
LaTeX Font Info:    Checking defaults for T1/cmr/m/n on input line 6.
LaTeX Font Info:    ... okay on input line 6.
LaTeX Font Info:    Checking defaults for OT1/cmr/m/n on input line 6.
LaTeX Font Info:    ... okay on input line 6.
LaTeX Font Info:    Checking defaults for OMS/cmsy/m/n on input line 6.
LaTeX Font Info:    ... okay on input line 6.
LaTeX Font Info:    Checking defaults for OMX/cmex/m/n on input line 6.
LaTeX Font Info:    ... okay on input line 6.
LaTeX Font Info:    Checking defaults for U/cmr/m/n on input line 6.
LaTeX Font Info:    ... okay on input line 6.
LaTeX Font Info:    External font `cmex10' loaded for size
(Font)              <12> on input line 7.
LaTeX Font Info:    External font `cmex10' loaded for size
(Font)              <8> on input line 7.
LaTeX Font Info:    External font `cmex10' loaded for size
(Font)              <6> on input line 7.


LaTeX Warning: No \author given.

LaTeX Font Info:    Try loading font information for OMS+cmr on input line 11.
(/usr/local/texlive/2008/texmf-dist/tex/latex/base/omscmr.fd
File: omscmr.fd 1999/05/25 v2.5h Standard LaTeX font definitions
)
LaTeX Font Info:    Font shape `OMS/cmr/m/n' in size <10.95> not available
(Font)              Font shape `OMS/cmsy/m/n' tried instead on input line 11.
LaTeX Font Info:    External font `cmex10' loaded for size
(Font)              <10.95> on input line 15.

Overfull \hbox (25.34998pt too wide) in paragraph at lines 15--20
[] 
 []


Underfull \hbox (badness 2707) in paragraph at lines 24--24
[]\OT1/cmr/m/n/10.95 Open an al-ready im-
 []


Underfull \hbox (badness 5592) in paragraph at lines 24--24
\OT1/cmr/m/n/10.95 GeT). The doc-u-ment
 []


Underfull \hbox (badness 1642) in paragraph at lines 24--24
\OT1/cmr/m/n/10.95 has a du-pli-cated step
 []


Underfull \hbox (badness 2856) in paragraph at lines 24--24
\OT1/cmr/m/n/10.95 in the de-fault viewer
 []


Underfull \hbox (badness 10000) in paragraph at lines 26--26
\OT1/cmr/m/n/10.95 is be-ing re-freshed.
 []


Underfull \hbox (badness 10000) in paragraph at lines 26--26
\OT1/cmr/m/n/10.95 [FR-TARGET-0110,
 []


Underfull \hbox (badness 1052) in paragraph at lines 27--27
\OT1/cmr/m/n/10.95 er-ror is re-moved from
 []


Overfull \hbox (109.7135pt too wide) in paragraph at lines 21--29
[][] 
 []

[1

]
Overfull \hbox (25.34998pt too wide) in paragraph at lines 35--40
[] 
 []


Underfull \hbox (badness 10000) in paragraph at lines 45--45
\OT1/cmr/m/n/10.95 is be-ing re-freshed.
 []


Underfull \hbox (badness 10000) in paragraph at lines 45--45
\OT1/cmr/m/n/10.95 [FR-TARGET-0110,
 []


Underfull \hbox (badness 6477) in paragraph at lines 46--46
\OT1/cmr/m/n/10.95 in the "Er-ror" view
 []


Underfull \hbox (badness 10000) in paragraph at lines 46--46
\OT1/cmr/m/n/10.95 in-di-cat-ing that the
 []


Underfull \hbox (badness 1264) in paragraph at lines 46--46
\OT1/cmr/m/n/10.95 doc-u-ment is dam-aged.
 []


Underfull \hbox (badness 7451) in paragraph at lines 46--46
\OT1/cmr/m/n/10.95 to this doc-u-ment is
 []


Underfull \hbox (badness 1436) in paragraph at lines 46--46
\OT1/cmr/m/n/10.95 dis-played in the "Use
 []


Underfull \hbox (badness 1742) in paragraph at lines 46--46
\OT1/cmr/m/n/10.95 Case" view. An er-
 []


Underfull \hbox (badness 10000) in paragraph at lines 46--46
\OT1/cmr/m/n/10.95 ror icon is as-signed
 []


Underfull \hbox (badness 8170) in paragraph at lines 46--46
\OT1/cmr/m/n/10.95 to the doc-u-ment in
 []


Underfull \hbox (badness 7595) in paragraph at lines 46--46
\OT1/cmr/m/n/10.95 the "Ar-ti-facts" view.
 []


Underfull \hbox (badness 10000) in paragraph at lines 46--46
\OT1/cmr/m/n/10.95 [FR-TARGET-0120,
 []


Overfull \hbox (109.7135pt too wide) in paragraph at lines 41--48
[][] 
 []


Overfull \hbox (25.34998pt too wide) in paragraph at lines 54--59
[] 
 []

[2]
Underfull \hbox (badness 10000) in paragraph at lines 64--64
\OT1/cmr/m/n/10.95 is be-ing re-freshed.
 []


Underfull \hbox (badness 10000) in paragraph at lines 64--64
\OT1/cmr/m/n/10.95 [FR-TARGET-0110,
 []


Underfull \hbox (badness 6477) in paragraph at lines 65--65
\OT1/cmr/m/n/10.95 in the "Er-ror" view
 []


Underfull \hbox (badness 1028) in paragraph at lines 65--65
\OT1/cmr/m/n/10.95 in-di-cat-ing that one of
 []


Underfull \hbox (badness 10000) in paragraph at lines 65--65
\OT1/cmr/m/n/10.95 a du-pli-cated fea-ture
 []


Underfull \hbox (badness 2617) in paragraph at lines 65--65
\OT1/cmr/m/n/10.95 ID. The doc-u-ment is
 []


Underfull \hbox (badness 1092) in paragraph at lines 65--65
\OT1/cmr/m/n/10.95 re-jected and no in-for-
 []


Underfull \hbox (badness 1466) in paragraph at lines 65--65
\OT1/cmr/m/n/10.95 ma-tion re-lated to the
 []


Underfull \hbox (badness 2027) in paragraph at lines 65--65
\OT1/cmr/m/n/10.95 doc-u-ment is dis-played
 []


Underfull \hbox (badness 3229) in paragraph at lines 65--65
\OT1/cmr/m/n/10.95 An er-ror icon is as-
 []


Underfull \hbox (badness 10000) in paragraph at lines 65--65
\OT1/cmr/m/n/10.95 [FR-TARGET-0120,
 []


Overfull \hbox (109.7135pt too wide) in paragraph at lines 60--67
[][] 
 []


Overfull \hbox (25.34998pt too wide) in paragraph at lines 73--78
[] 
 []


Underfull \hbox (badness 1014) in paragraph at lines 82--82
\OT1/cmr/m/n/10.95 with at least one im-
 []


Underfull \hbox (badness 7832) in paragraph at lines 82--82
[]\OT1/cmr/m/n/10.95 A drop down menu
 []


Underfull \hbox (badness 10000) in paragraph at lines 82--82
\OT1/cmr/m/n/10.95 is dis-played with
 []


Underfull \hbox (badness 10000) in paragraph at lines 82--82
\OT1/cmr/m/n/10.95 and "On The Fly
 []


Underfull \hbox (badness 10000) in paragraph at lines 82--82
\OT1/cmr/m/n/10.95 Gen-er-a-tion" op-tions.
 []


Underfull \hbox (badness 10000) in paragraph at lines 82--82
\OT1/cmr/m/n/10.95 The "On The Fly
 []


Underfull \hbox (badness 3590) in paragraph at lines 82--82
\OT1/cmr/m/n/10.95 Gen-er-a-tion" op-tion is
 []


Underfull \hbox (badness 2229) in paragraph at lines 83--83
\OT1/cmr/m/n/10.95 Gen-er-a-tion" op-tion in
 []


Underfull \hbox (badness 2653) in paragraph at lines 84--84
\OT1/cmr/m/n/10.95 in the "On The Fly
 []


Underfull \hbox (badness 5533) in paragraph at lines 84--84
[]\OT1/cmr/m/n/10.95 No fil-ter is se-lected.
 []


Underfull \hbox (badness 2334) in paragraph at lines 84--84
\OT1/cmr/m/n/10.95 er-ated test cases and
 []


Underfull \hbox (badness 1796) in paragraph at lines 85--85
\OT1/cmr/m/n/10.95 ated with the de-fault
 []


Underfull \hbox (badness 1454) in paragraph at lines 85--85
\OT1/cmr/m/n/10.95 name and the cor-rect
 []


Underfull \hbox (badness 3138) in paragraph at lines 85--85
\OT1/cmr/m/n/10.95 struc-ture. The new
 []


Underfull \hbox (badness 6300) in paragraph at lines 85--85
\OT1/cmr/m/n/10.95 test suite is in the
 []


Underfull \hbox (badness 10000) in paragraph at lines 85--85
\OT1/cmr/m/n/10.95 "Ar-ti-facts" view in
 []


Underfull \hbox (badness 7869) in paragraph at lines 85--85
\OT1/cmr/m/n/10.95 the Test-Cases folder.
 []


Underfull \hbox (badness 3919) in paragraph at lines 85--85
\OT1/cmr/m/n/10.95 No-tice that the gen-
 []


Underfull \hbox (badness 3954) in paragraph at lines 85--85
\OT1/cmr/m/n/10.95 er-ated test cases are
 []


Underfull \hbox (badness 2671) in paragraph at lines 85--85
\OT1/cmr/m/n/10.95 ac-cord-ing to the test
 []


Underfull \hbox (badness 10000) in paragraph at lines 85--85
\OT1/cmr/m/n/10.95 Cases viewer" tab.
 []


Underfull \hbox (badness 10000) in paragraph at lines 85--85
\OT1/cmr/m/n/10.95 [FR-TARGET-0237,
 []


Underfull \hbox (badness 10000) in paragraph at lines 85--85
\OT1/cmr/m/n/10.95 FR-TARGET-0239,
 []


Overfull \hbox (109.7135pt too wide) in paragraph at lines 79--87
[][] 
 []

[3]
Overfull \hbox (25.34998pt too wide) in paragraph at lines 88--93
[] 
 []


Underfull \hbox (badness 2653) in paragraph at lines 97--97
\OT1/cmr/m/n/10.95 in the "On The Fly
 []


Underfull \hbox (badness 5533) in paragraph at lines 97--97
[]\OT1/cmr/m/n/10.95 No fil-ter is se-lected.
 []


Underfull \hbox (badness 3068) in paragraph at lines 97--97
\OT1/cmr/m/n/10.95 ing you if you want
 []


Underfull \hbox (badness 6893) in paragraph at lines 99--99
[]\OT1/cmr/m/n/10.95 There is avail-able a
 []


Underfull \hbox (badness 10000) in paragraph at lines 99--99
\OT1/cmr/m/n/10.95 spread-sheet tem-plate
 []


Underfull \hbox (badness 10000) in paragraph at lines 99--99
\OT1/cmr/m/n/10.95 ex-ported from Test
 []


Underfull \hbox (badness 1009) in paragraph at lines 99--99
\OT1/cmr/m/n/10.95 to-tal time re-quired to
 []


Overfull \hbox (109.7135pt too wide) in paragraph at lines 94--101
[][] 
 []

[4]
Overfull \hbox (25.34998pt too wide) in paragraph at lines 102--107
[] 
 []


Overfull \hbox (109.7135pt too wide) in paragraph at lines 108--113
[][] 
 []


Overfull \hbox (25.34998pt too wide) in paragraph at lines 114--119
[] 
 []


Underfull \hbox (badness 6592) in paragraph at lines 123--123
\OT1/cmr/m/n/10.95 is opened and some
 []


Underfull \hbox (badness 2126) in paragraph at lines 123--123
\OT1/cmr/m/n/10.95 Use Case Doc-u-men-ta-
 []


Underfull \hbox (badness 2229) in paragraph at lines 124--124
\OT1/cmr/m/n/10.95 Gen-er-a-tion" op-tion in
 []


Underfull \hbox (badness 2662) in paragraph at lines 124--124
[]\OT1/cmr/m/n/10.95 A di-a-log is dis-played
 []


Underfull \hbox (badness 10000) in paragraph at lines 124--124
\OT1/cmr/m/n/10.95 in-di-cat-ing that there
 []


Underfull \hbox (badness 2903) in paragraph at lines 124--124
\OT1/cmr/m/n/10.95 is/are er-ror(s) in the
 []


Overfull \hbox (109.7135pt too wide) in paragraph at lines 120--127
[][] 
 []

[5]
Overfull \hbox (25.34998pt too wide) in paragraph at lines 128--133
[] 
 []


Underfull \hbox (badness 5091) in paragraph at lines 137--137
[]\OT1/cmr/m/n/10.95 The .xls tem-plate is
 []


Underfull \hbox (badness 2486) in paragraph at lines 137--137
\OT1/cmr/m/n/10.95 the tem-plate in-for-ma-
 []


Underfull \hbox (badness 2828) in paragraph at lines 137--137
\OT1/cmr/m/n/10.95 tion will not be im-
 []


Overfull \hbox (109.7135pt too wide) in paragraph at lines 134--139
[][] 
 []


Overfull \hbox (25.34998pt too wide) in paragraph at lines 145--150
[] 
 []


Underfull \hbox (badness 2573) in paragraph at lines 154--154
[]\OT1/cmr/m/n/10.95 In "Se-lec-tion" tab in
 []


Underfull \hbox (badness 10000) in paragraph at lines 154--154
[]\OT1/cmr/m/n/10.95 Some re-quire-ments
 []


Underfull \hbox (badness 7186) in paragraph at lines 154--154
\OT1/cmr/m/n/10.95 are se-lected. [FR-
 []


Underfull \hbox (badness 10000) in paragraph at lines 155--155
[]\OT1/cmr/m/n/10.95 Go to "Test Cases
 []


Underfull \hbox (badness 1831) in paragraph at lines 155--155
[]\OT1/cmr/m/n/10.95 Verify that test cases
 []


Underfull \hbox (badness 2980) in paragraph at lines 155--155
\OT1/cmr/m/n/10.95 to the se-lected fil-ter.
 []


Underfull \hbox (badness 10000) in paragraph at lines 155--155
\OT1/cmr/m/n/10.95 [FR-TARGET-0236,
 []


Overfull \hbox (109.7135pt too wide) in paragraph at lines 151--157
[][] 
 []

[6]
Overfull \hbox (25.34998pt too wide) in paragraph at lines 158--163
[] 
 []


Underfull \hbox (badness 1281) in paragraph at lines 167--167
\OT1/cmr/m/n/10.95 "Se-lect all" but-ton in
 []


Underfull \hbox (badness 3612) in paragraph at lines 167--167
\OT1/cmr/m/n/10.95 the page of Re-quire-
 []


Overfull \hbox (109.7135pt too wide) in paragraph at lines 164--169
[][] 
 []


Overfull \hbox (25.34998pt too wide) in paragraph at lines 170--175
[] 
 []


Underfull \hbox (badness 3612) in paragraph at lines 179--179
\OT1/cmr/m/n/10.95 the page of Re-quire-
 []


Underfull \hbox (badness 10000) in paragraph at lines 179--179
[]\OT1/cmr/m/n/10.95 All re-quire-ments are
 []


Underfull \hbox (badness 10000) in paragraph at lines 179--179
\OT1/cmr/m/n/10.95 de-s-e-lected. [FR-
 []


Overfull \hbox (109.7135pt too wide) in paragraph at lines 176--181
[][] 
 []


Overfull \hbox (25.34998pt too wide) in paragraph at lines 182--187
[] 
 []

[7]
Underfull \hbox (badness 2368) in paragraph at lines 191--191
\OT1/cmr/m/n/10.95 dis-played. "On The
 []


Underfull \hbox (badness 2197) in paragraph at lines 192--192
[]\OT1/cmr/m/n/10.95 Choose "On The Fly
 []


Underfull \hbox (badness 2229) in paragraph at lines 192--192
\OT1/cmr/m/n/10.95 Gen-er-a-tion" op-tion in
 []


Overfull \hbox (109.7135pt too wide) in paragraph at lines 188--194
[][] 
 []


Overfull \hbox (25.34998pt too wide) in paragraph at lines 200--205
[] 
 []


Overfull \hbox (109.7135pt too wide) in paragraph at lines 206--212
[][] 
 []

[8]
Overfull \hbox (25.34998pt too wide) in paragraph at lines 213--218
[] 
 []


Underfull \hbox (badness 1237) in paragraph at lines 222--222
\OT1/cmr/m/n/10.95 er-a-tion Ed-i-tor", se-lect
 []


Underfull \hbox (badness 5832) in paragraph at lines 222--222
\OT1/cmr/m/n/10.95 "Se-lected Use Cases"
 []


Overfull \hbox (109.7135pt too wide) in paragraph at lines 219--225
[][] 
 []


Overfull \hbox (25.34998pt too wide) in paragraph at lines 231--236
[] 
 []

[9]
Underfull \hbox (badness 2538) in paragraph at lines 240--240
[]\OT1/cmr/m/n/10.95 Go to "Test Pur-pose
 []


Underfull \hbox (badness 7649) in paragraph at lines 243--243
[]\OT1/cmr/m/n/10.95 The test pur-pose is
 []


Overfull \hbox (109.7135pt too wide) in paragraph at lines 237--245
[][] 
 []


Overfull \hbox (25.34998pt too wide) in paragraph at lines 246--251
[] 
 []


Underfull \hbox (badness 2856) in paragraph at lines 255--255
[]\OT1/cmr/m/n/10.95 Go to "On The Fly
 []


Underfull \hbox (badness 1112) in paragraph at lines 255--255
\OT1/cmr/m/n/10.95 Gen-er-a-tion" -> "Se-lec-
 []


Underfull \hbox (badness 1117) in paragraph at lines 255--255
\OT1/cmr/m/n/10.95 "Steps" area, se-lect a
 []


Underfull \hbox (badness 2538) in paragraph at lines 256--256
[]\OT1/cmr/m/n/10.95 Go to "Test Pur-pose
 []


Overfull \hbox (109.7135pt too wide) in paragraph at lines 252--259
[][] 
 []

[10]
Overfull \hbox (25.34998pt too wide) in paragraph at lines 260--265
[] 
 []


Overfull \hbox (109.7135pt too wide) in paragraph at lines 266--271
[][] 
 []


Overfull \hbox (25.34998pt too wide) in paragraph at lines 272--277
[] 
 []


Underfull \hbox (badness 10000) in paragraph at lines 281--281
[]\OT1/cmr/m/n/10.95 The se-lected step(s)
 []


Underfull \hbox (badness 10000) in paragraph at lines 281--281
\OT1/cmr/m/n/10.95 was(were) re-moved
 []


Underfull \hbox (badness 10000) in paragraph at lines 281--281
\OT1/cmr/m/n/10.95 from "Cur-rent Test
 []


Overfull \hbox (109.7135pt too wide) in paragraph at lines 278--283
[][] 
 []


Overfull \hbox (25.34998pt too wide) in paragraph at lines 284--289
[] 
 []

[11]
Underfull \hbox (badness 2495) in paragraph at lines 293--293
[]\OT1/cmr/m/n/10.95 Select a test pur-pose
 []


Overfull \hbox (109.7135pt too wide) in paragraph at lines 290--296
[][] 
 []


Overfull \hbox (25.34998pt too wide) in paragraph at lines 297--302
[] 
 []


Underfull \hbox (badness 3525) in paragraph at lines 306--306
[]\OT1/cmr/m/n/10.95 Click on "Clear All"
 []


Underfull \hbox (badness 1052) in paragraph at lines 306--306
\OT1/cmr/m/n/10.95 test pur-pose on "Test
 []


Underfull \hbox (badness 4779) in paragraph at lines 306--306
\OT1/cmr/m/n/10.95 poses" list is empty.
 []


Overfull \hbox (109.7135pt too wide) in paragraph at lines 303--308
[][] 
 []


Overfull \hbox (25.34998pt too wide) in paragraph at lines 314--319
[] 
 []


Underfull \hbox (badness 2707) in paragraph at lines 323--323
\OT1/cmr/m/n/10.95 tab in the "On The
 []


Underfull \hbox (badness 10000) in paragraph at lines 323--323
[]\OT1/cmr/m/n/10.95 The "Com-mon Test
 []


Underfull \hbox (badness 1337) in paragraph at lines 323--323
\OT1/cmr/m/n/10.95 Cases" and the "New
 []


Underfull \hbox (badness 10000) in paragraph at lines 323--323
\OT1/cmr/m/n/10.95 Test Cases" boxes
 []


Underfull \hbox (badness 7685) in paragraph at lines 323--323
\OT1/cmr/m/n/10.95 are checked. [FR-
 []


Underfull \hbox (badness 4378) in paragraph at lines 324--324
[]\OT1/cmr/m/n/10.95 Verify the test cases
 []


Underfull \hbox (badness 2617) in paragraph at lines 324--324
[]\OT1/cmr/m/n/10.95 All test cases ap-pear
 []


Overfull \hbox (109.7135pt too wide) in paragraph at lines 320--326
[][] 
 []


Overfull \hbox (25.34998pt too wide) in paragraph at lines 327--332
[] 
 []

[12]
Underfull \hbox (badness 6978) in paragraph at lines 336--336
[]\OT1/cmr/m/n/10.95 Filter the test suite
 []


Underfull \hbox (badness 7379) in paragraph at lines 336--336
[]\OT1/cmr/m/n/10.95 The fil-ter(s) are se-
 []


Underfull \hbox (badness 10000) in paragraph at lines 337--337
[]\OT1/cmr/m/n/10.95 The "Com-mon Test
 []


Underfull \hbox (badness 1337) in paragraph at lines 337--337
\OT1/cmr/m/n/10.95 Cases" and the "New
 []


Underfull \hbox (badness 10000) in paragraph at lines 337--337
\OT1/cmr/m/n/10.95 Test Cases" boxes
 []


Underfull \hbox (badness 7685) in paragraph at lines 337--337
\OT1/cmr/m/n/10.95 are checked. [FR-
 []


Underfull \hbox (badness 1874) in paragraph at lines 338--338
\OT1/cmr/m/n/10.95 fil-ters in the Se-lected
 []


Overfull \hbox (109.7135pt too wide) in paragraph at lines 333--340
[][] 
 []


Overfull \hbox (25.34998pt too wide) in paragraph at lines 341--346
[] 
 []


Underfull \hbox (badness 10000) in paragraph at lines 350--350
[]\OT1/cmr/m/n/10.95 Select the "Re-moved
 []


Overfull \hbox (109.7135pt too wide) in paragraph at lines 347--352
[][] 
 []


Overfull \hbox (25.34998pt too wide) in paragraph at lines 353--358
[] 
 []


Overfull \hbox (109.7135pt too wide) in paragraph at lines 359--364
[][] 
 []

[13]
Overfull \hbox (25.34998pt too wide) in paragraph at lines 365--370
[] 
 []


Underfull \hbox (badness 1968) in paragraph at lines 375--375
\OT1/cmr/m/n/10.95 saved fil-ter and some
 []


Underfull \hbox (badness 10000) in paragraph at lines 375--375
\OT1/cmr/m/n/10.95 re-quire-ments dif-fer-ent
 []


Underfull \hbox (badness 7379) in paragraph at lines 375--375
[]\OT1/cmr/m/n/10.95 The fil-ter(s) are se-
 []


Underfull \hbox (badness 2707) in paragraph at lines 376--376
\OT1/cmr/m/n/10.95 tab in the "On The
 []


Underfull \hbox (badness 10000) in paragraph at lines 376--376
[]\OT1/cmr/m/n/10.95 The "Com-mon Test
 []


Underfull \hbox (badness 10000) in paragraph at lines 376--376
\OT1/cmr/m/n/10.95 Cases" and "New
 []


Underfull \hbox (badness 10000) in paragraph at lines 376--376
\OT1/cmr/m/n/10.95 Test Cases" boxes
 []


Underfull \hbox (badness 7685) in paragraph at lines 376--376
\OT1/cmr/m/n/10.95 are checked. [FR-
 []


Underfull \hbox (badness 4205) in paragraph at lines 377--377
\OT1/cmr/m/n/10.95 be-tween the first se-
 []


Underfull \hbox (badness 3260) in paragraph at lines 377--377
\OT1/cmr/m/n/10.95 The New Test Cases
 []


Overfull \hbox (109.7135pt too wide) in paragraph at lines 371--379
[][] 
 []


Overfull \hbox (25.34998pt too wide) in paragraph at lines 380--385
[] 
 []

[14]
Underfull \hbox (badness 7415) in paragraph at lines 389--389
\OT1/cmr/m/n/10.95 mer Fil-ter Se-lec-tion"
 []


Underfull \hbox (badness 1490) in paragraph at lines 389--389
\OT1/cmr/m/n/10.95 ated Test Cases "list.
 []


Underfull \hbox (badness 10000) in paragraph at lines 389--389
\OT1/cmr/m/n/10.95 [FR-TARGET-0237,
 []


Underfull \hbox (badness 1117) in paragraph at lines 390--390
\OT1/cmr/m/n/10.95 con-fig-u-ra-tion "All test
 []


Underfull \hbox (badness 1082) in paragraph at lines 390--390
\OT1/cmr/m/n/10.95 the se-lected fil-ter and
 []


Underfull \hbox (badness 10000) in paragraph at lines 391--391
[]\OT1/cmr/m/n/10.95 Select the "Re-moved
 []


Underfull \hbox (badness 2744) in paragraph at lines 391--391
\OT1/cmr/m/n/10.95 ated Test Cases" list
 []


Overfull \hbox (109.7135pt too wide) in paragraph at lines 386--393
[][] 
 []


Overfull \hbox (25.34998pt too wide) in paragraph at lines 394--399
[] 
 []


Underfull \hbox (badness 2922) in paragraph at lines 403--403
[]\OT1/cmr/m/n/10.95 No test cases ap-pear
 []


Overfull \hbox (109.7135pt too wide) in paragraph at lines 400--405
[][] 
 []


Overfull \hbox (25.34998pt too wide) in paragraph at lines 411--416
[] 
 []

[15]
Underfull \hbox (badness 6173) in paragraph at lines 420--420
\OT1/cmr/m/n/10.95 rent Fil-ter Se-lec-tion"
 []


Underfull \hbox (badness 1997) in paragraph at lines 420--420
\OT1/cmr/m/n/10.95 pears in the com-mon
 []


Underfull \hbox (badness 5316) in paragraph at lines 420--420
\OT1/cmr/m/n/10.95 list. [FR-TARGET-
 []


Overfull \hbox (109.7135pt too wide) in paragraph at lines 417--422
[][] 
 []


Overfull \hbox (25.34998pt too wide) in paragraph at lines 423--428
[] 
 []


Underfull \hbox (badness 7415) in paragraph at lines 433--433
\OT1/cmr/m/n/10.95 mer Fil-ter Se-lec-tion"
 []


Underfull \hbox (badness 1490) in paragraph at lines 433--433
\OT1/cmr/m/n/10.95 ated Test Cases "list.
 []


Underfull \hbox (badness 10000) in paragraph at lines 433--433
\OT1/cmr/m/n/10.95 [FR-TARGET-0237,
 []


Overfull \hbox (109.7135pt too wide) in paragraph at lines 429--435
[][] 
 []


Overfull \hbox (25.34998pt too wide) in paragraph at lines 436--441
[] 
 []


Underfull \hbox (badness 1117) in paragraph at lines 445--445
\OT1/cmr/m/n/10.95 con-fig-u-ra-tion "All test
 []


Underfull \hbox (badness 7415) in paragraph at lines 446--446
\OT1/cmr/m/n/10.95 mer Fil-ter Se-lec-tion"
 []


Underfull \hbox (badness 2617) in paragraph at lines 446--446
[]\OT1/cmr/m/n/10.95 All test cases ap-pear
 []


Overfull \hbox (109.7135pt too wide) in paragraph at lines 442--448
[][] 
 []

[16]
Overfull \hbox (25.34998pt too wide) in paragraph at lines 454--459
[] 
 []


Underfull \hbox (badness 3098) in paragraph at lines 463--463
[]\OT1/cmr/m/n/10.95 The cho-sen test case
 []


Underfull \hbox (badness 7777) in paragraph at lines 463--463
\OT1/cmr/m/n/10.95 ap-pears in the "Se-
 []


Overfull \hbox (109.7135pt too wide) in paragraph at lines 460--465
[][] 
 []


Overfull \hbox (25.34998pt too wide) in paragraph at lines 466--471
[] 
 []


Underfull \hbox (badness 2512) in paragraph at lines 475--475
\OT1/cmr/m/n/10.95 lected in cres-cent or-
 []


Underfull \hbox (badness 1960) in paragraph at lines 475--475
\OT1/cmr/m/n/10.95 is shown in the "Se-
 []


Underfull \hbox (badness 1436) in paragraph at lines 475--475
\OT1/cmr/m/n/10.95 dard. [FR-TARGET-
 []


Overfull \hbox (109.7135pt too wide) in paragraph at lines 472--477
[][] 
 []


Overfull \hbox (25.34998pt too wide) in paragraph at lines 478--483
[] 
 []


Underfull \hbox (badness 1454) in paragraph at lines 487--487
[]\OT1/cmr/m/n/10.95 Deselect the first test
 []


Underfull \hbox (badness 10000) in paragraph at lines 487--487
\OT1/cmr/m/n/10.95 case se-lected (us-ing
 []


Underfull \hbox (badness 2837) in paragraph at lines 487--487
\OT1/cmr/m/n/10.95 CTRL) in the "Gen-
 []


Underfull \hbox (badness 10000) in paragraph at lines 487--487
\OT1/cmr/m/n/10.95 er-ated Test Cases"
 []


Overfull \hbox (109.7135pt too wide) in paragraph at lines 484--489
[][] 
 []

[17]
Overfull \hbox (25.34998pt too wide) in paragraph at lines 495--500
[] 
 []


Underfull \hbox (badness 10000) in paragraph at lines 504--504
[]\OT1/cmr/m/n/10.95 The "Com-mon Test
 []


Underfull \hbox (badness 10000) in paragraph at lines 504--504
\OT1/cmr/m/n/10.95 Cases" and "New
 []


Underfull \hbox (badness 10000) in paragraph at lines 504--504
\OT1/cmr/m/n/10.95 Test Cases" boxes
 []


Underfull \hbox (badness 7685) in paragraph at lines 504--504
\OT1/cmr/m/n/10.95 are checked. [FR-
 []


Overfull \hbox (109.7135pt too wide) in paragraph at lines 501--507
[][] 
 []


Overfull \hbox (25.34998pt too wide) in paragraph at lines 508--513
[] 
 []


Underfull \hbox (badness 6978) in paragraph at lines 517--517
[]\OT1/cmr/m/n/10.95 Filter the test suite
 []


Underfull \hbox (badness 7379) in paragraph at lines 517--517
[]\OT1/cmr/m/n/10.95 The fil-ter(s) are se-
 []


Underfull \hbox (badness 10000) in paragraph at lines 518--518
[]\OT1/cmr/m/n/10.95 The "Com-mon Test
 []


Underfull \hbox (badness 10000) in paragraph at lines 518--518
\OT1/cmr/m/n/10.95 Cases" and "New
 []


Underfull \hbox (badness 10000) in paragraph at lines 518--518
\OT1/cmr/m/n/10.95 Test Cases" boxes
 []


Underfull \hbox (badness 7685) in paragraph at lines 518--518
\OT1/cmr/m/n/10.95 are checked. [FR-
 []


Underfull \hbox (badness 1874) in paragraph at lines 519--519
\OT1/cmr/m/n/10.95 fil-ters in the Se-lected
 []


Underfull \hbox (badness 3108) in paragraph at lines 519--519
\OT1/cmr/m/n/10.95 trixes list with black
 []


Underfull \hbox (badness 2680) in paragraph at lines 519--519
\OT1/cmr/m/n/10.95 font. [FR-TARGET-
 []


Overfull \hbox (109.7135pt too wide) in paragraph at lines 514--521
[][] 
 []

[18]
Overfull \hbox (25.34998pt too wide) in paragraph at lines 522--527
[] 
 []


Underfull \hbox (badness 10000) in paragraph at lines 532--532
[]\OT1/cmr/m/n/10.95 Select the "Re-moved
 []


Underfull \hbox (badness 1448) in paragraph at lines 532--532
\OT1/cmr/m/n/10.95 trixes list with a red
 []


Overfull \hbox (109.7135pt too wide) in paragraph at lines 528--534
[][] 
 []


Overfull \hbox (25.34998pt too wide) in paragraph at lines 535--540
[] 
 []


Overfull \hbox (109.7135pt too wide) in paragraph at lines 541--546
[][] 
 []

[19]
Overfull \hbox (25.34998pt too wide) in paragraph at lines 547--552
[] 
 []


Underfull \hbox (badness 1997) in paragraph at lines 556--556
\OT1/cmr/m/n/10.95 pears in the com-mon
 []


Underfull \hbox (badness 5316) in paragraph at lines 556--556
\OT1/cmr/m/n/10.95 list. [FR-TARGET-
 []


Underfull \hbox (badness 1152) in paragraph at lines 558--558
[]\OT1/cmr/m/n/10.95 Go to "Test Se-lec-tion
 []


Underfull \hbox (badness 3601) in paragraph at lines 558--558
\OT1/cmr/m/n/10.95 re-quire-ments that are
 []


Underfull \hbox (badness 1776) in paragraph at lines 558--558
\OT1/cmr/m/n/10.95 equal to the first se-
 []


Underfull \hbox (badness 1253) in paragraph at lines 558--558
\OT1/cmr/m/n/10.95 lected fil-ter and some
 []


Underfull \hbox (badness 10000) in paragraph at lines 558--558
\OT1/cmr/m/n/10.95 re-quire-ments dif-fer-ent
 []


Underfull \hbox (badness 10000) in paragraph at lines 558--558
[]\OT1/cmr/m/n/10.95 The sec-ond fil-ter(s)
 []


Underfull \hbox (badness 7186) in paragraph at lines 558--558
\OT1/cmr/m/n/10.95 are se-lected. [FR-
 []


Underfull \hbox (badness 10000) in paragraph at lines 559--559
[]\OT1/cmr/m/n/10.95 The "Com-mon Test
 []


Underfull \hbox (badness 10000) in paragraph at lines 559--559
\OT1/cmr/m/n/10.95 Cases" and "New
 []


Underfull \hbox (badness 10000) in paragraph at lines 559--559
\OT1/cmr/m/n/10.95 Test Cases" boxes
 []


Underfull \hbox (badness 7685) in paragraph at lines 559--559
\OT1/cmr/m/n/10.95 are checked. [FR-
 []


Underfull \hbox (badness 4205) in paragraph at lines 560--560
\OT1/cmr/m/n/10.95 be-tween the first se-
 []


Overfull \hbox (109.7135pt too wide) in paragraph at lines 553--562
[][] 
 []


Overfull \hbox (25.34998pt too wide) in paragraph at lines 563--568
[] 
 []

[20]
Underfull \hbox (badness 7415) in paragraph at lines 572--572
\OT1/cmr/m/n/10.95 mer Fil-ter Se-lec-tion"
 []


Underfull \hbox (badness 10000) in paragraph at lines 572--572
[]\OT1/cmr/m/n/10.95 The new fil-ter con-
 []


Underfull \hbox (badness 10000) in paragraph at lines 572--572
\OT1/cmr/m/n/10.95 fig-u-ra-tion is loaded
 []


Underfull \hbox (badness 10000) in paragraph at lines 572--572
\OT1/cmr/m/n/10.95 and the cor-re-spon-
 []


Underfull \hbox (badness 6032) in paragraph at lines 572--572
\OT1/cmr/m/n/10.95 in the ma-trixes list.
 []


Underfull \hbox (badness 10000) in paragraph at lines 572--572
\OT1/cmr/m/n/10.95 [FR-TARGET-0237,
 []


Underfull \hbox (badness 1117) in paragraph at lines 573--573
\OT1/cmr/m/n/10.95 con-fig-u-ra-tion "All test
 []


Underfull \hbox (badness 1082) in paragraph at lines 573--573
\OT1/cmr/m/n/10.95 the se-lected fil-ter and
 []


Underfull \hbox (badness 10000) in paragraph at lines 574--574
[]\OT1/cmr/m/n/10.95 Select the "Re-moved
 []


Underfull \hbox (badness 1448) in paragraph at lines 574--574
\OT1/cmr/m/n/10.95 trixes list with a red
 []


Overfull \hbox (109.7135pt too wide) in paragraph at lines 569--576
[][] 
 []


Overfull \hbox (25.34998pt too wide) in paragraph at lines 577--582
[] 
 []


Overfull \hbox (109.7135pt too wide) in paragraph at lines 583--588
[][] 
 []


Overfull \hbox (25.34998pt too wide) in paragraph at lines 594--599
[] 
 []

[21]
Underfull \hbox (badness 1997) in paragraph at lines 603--603
\OT1/cmr/m/n/10.95 pears in the com-mon
 []


Overfull \hbox (109.7135pt too wide) in paragraph at lines 600--605
[][] 
 []


Overfull \hbox (25.34998pt too wide) in paragraph at lines 606--611
[] 
 []


Underfull \hbox (badness 7415) in paragraph at lines 616--616
\OT1/cmr/m/n/10.95 mer Fil-ter Se-lec-tion"
 []


Overfull \hbox (109.7135pt too wide) in paragraph at lines 612--618
[][] 
 []


Overfull \hbox (25.34998pt too wide) in paragraph at lines 619--624
[] 
 []


Underfull \hbox (badness 1117) in paragraph at lines 628--628
\OT1/cmr/m/n/10.95 con-fig-u-ra-tion "All test
 []


Underfull \hbox (badness 7415) in paragraph at lines 629--629
\OT1/cmr/m/n/10.95 mer Fil-ter Se-lec-tion"
 []


Overfull \hbox (109.7135pt too wide) in paragraph at lines 625--631
[][] 
 []

[22]
Overfull \hbox (25.34998pt too wide) in paragraph at lines 637--642
[] 
 []


Underfull \hbox (badness 3690) in paragraph at lines 646--646
\OT1/cmr/m/n/10.95 in the "Se-lected test
 []


Underfull \hbox (badness 10000) in paragraph at lines 646--646
\OT1/cmr/m/n/10.95 Cases" view in the
 []


Overfull \hbox (109.7135pt too wide) in paragraph at lines 643--648
[][] 
 []


Overfull \hbox (25.34998pt too wide) in paragraph at lines 654--659
[] 
 []


Underfull \hbox (badness 2707) in paragraph at lines 663--663
\OT1/cmr/m/n/10.95 tab in the "On The
 []


Underfull \hbox (badness 10000) in paragraph at lines 663--663
\OT1/cmr/m/n/10.95 in the "Gen-er-ated
 []


Underfull \hbox (badness 6658) in paragraph at lines 664--664
[]\OT1/cmr/m/n/10.95 Check the "Re-moved
 []


Underfull \hbox (badness 5637) in paragraph at lines 665--665
[]\OT1/cmr/m/n/10.95 Click with the right
 []


Underfull \hbox (badness 7832) in paragraph at lines 665--665
[]\OT1/cmr/m/n/10.95 A drop down menu
 []


Underfull \hbox (badness 2809) in paragraph at lines 665--665
\OT1/cmr/m/n/10.95 is dis-played with the
 []


Underfull \hbox (badness 10000) in paragraph at lines 665--665
\OT1/cmr/m/n/10.95 op-tions are avail-able
 []


Underfull \hbox (badness 10000) in paragraph at lines 666--666
[]\OT1/cmr/m/n/10.95 Select "In-clude Test
 []


Underfull \hbox (badness 10000) in paragraph at lines 666--666
\OT1/cmr/m/n/10.95 Case Per-ma-nently"
 []


Underfull \hbox (badness 10000) in paragraph at lines 666--666
[]\OT1/cmr/m/n/10.95 The test case ap-
 []


Underfull \hbox (badness 10000) in paragraph at lines 666--666
\OT1/cmr/m/n/10.95 pears "In-cluded Test
 []


Underfull \hbox (badness 5756) in paragraph at lines 666--666
\OT1/cmr/m/n/10.95 Cases" list of In-clu-
 []


Underfull \hbox (badness 2384) in paragraph at lines 666--666
\OT1/cmr/m/n/10.95 re-mains with a black
 []


Underfull \hbox (badness 8056) in paragraph at lines 666--666
\OT1/cmr/m/n/10.95 font in the "Gen-er-
 []


Underfull \hbox (badness 3439) in paragraph at lines 666--666
\OT1/cmr/m/n/10.95 ated Test Case" list.
 []


Overfull \hbox (109.7135pt too wide) in paragraph at lines 660--668
[][] 
 []

[23]
Overfull \hbox (25.34998pt too wide) in paragraph at lines 669--674
[] 
 []


Underfull \hbox (badness 2875) in paragraph at lines 678--678
\OT1/cmr/m/n/10.95 clude Test Case Per-
 []


Underfull \hbox (badness 3735) in paragraph at lines 678--678
\OT1/cmr/m/n/10.95 ma-nently" and "Can-
 []


Underfull \hbox (badness 10000) in paragraph at lines 679--679
[]\OT1/cmr/m/n/10.95 Select "Can-cel Test
 []


Underfull \hbox (badness 3907) in paragraph at lines 679--679
[]\OT1/cmr/m/n/10.95 The test case is re-
 []


Underfull \hbox (badness 1418) in paragraph at lines 679--679
\OT1/cmr/m/n/10.95 moved from "In-cluded
 []


Overfull \hbox (109.7135pt too wide) in paragraph at lines 675--681
[][] 
 []

[24]
Overfull \hbox (25.34998pt too wide) in paragraph at lines 682--687
[] 
 []


Underfull \hbox (badness 2875) in paragraph at lines 691--691
\OT1/cmr/m/n/10.95 clude Test Case Per-
 []


Underfull \hbox (badness 3735) in paragraph at lines 691--691
\OT1/cmr/m/n/10.95 ma-nently" and "Can-
 []


Underfull \hbox (badness 10000) in paragraph at lines 692--692
[]\OT1/cmr/m/n/10.95 Select "Ex-clude Test
 []


Underfull \hbox (badness 10000) in paragraph at lines 692--692
\OT1/cmr/m/n/10.95 Case Per-ma-nently"
 []


Underfull \hbox (badness 3907) in paragraph at lines 692--692
[]\OT1/cmr/m/n/10.95 The test case is re-
 []


Underfull \hbox (badness 1418) in paragraph at lines 692--692
\OT1/cmr/m/n/10.95 moved from "In-cluded
 []


Underfull \hbox (badness 10000) in paragraph at lines 692--692
\OT1/cmr/m/n/10.95 Test Cases" list, is
 []


Underfull \hbox (badness 10000) in paragraph at lines 692--692
\OT1/cmr/m/n/10.95 added to "Ex-cluded
 []


Overfull \hbox (109.7135pt too wide) in paragraph at lines 688--694
[][] 
 []


Overfull \hbox (25.34998pt too wide) in paragraph at lines 695--700
[] 
 []

[25]
Underfull \hbox (badness 10000) in paragraph at lines 704--704
[]\OT1/cmr/m/n/10.95 Go to the In-clu-
 []


Underfull \hbox (badness 3000) in paragraph at lines 704--704
\OT1/cmr/m/n/10.95 click with the mouse
 []


Underfull \hbox (badness 7186) in paragraph at lines 704--704
\OT1/cmr/m/n/10.95 right but-ton in this
 []


Underfull \hbox (badness 2875) in paragraph at lines 704--704
\OT1/cmr/m/n/10.95 clude Test Case Per-
 []


Underfull \hbox (badness 10000) in paragraph at lines 705--705
[]\OT1/cmr/m/n/10.95 Select "Can-cel Test
 []


Underfull \hbox (badness 3907) in paragraph at lines 705--705
[]\OT1/cmr/m/n/10.95 The test case is re-
 []


Underfull \hbox (badness 1418) in paragraph at lines 705--705
\OT1/cmr/m/n/10.95 moved from "In-cluded
 []


Overfull \hbox (109.7135pt too wide) in paragraph at lines 701--707
[][] 
 []


Overfull \hbox (25.34998pt too wide) in paragraph at lines 708--713
[] 
 []


Underfull \hbox (badness 1661) in paragraph at lines 717--717
[]\OT1/cmr/m/n/10.95 Click with the mouse
 []


Underfull \hbox (badness 1270) in paragraph at lines 717--717
\OT1/cmr/m/n/10.95 right but-ton in a ex-
 []


Underfull \hbox (badness 7832) in paragraph at lines 717--717
[]\OT1/cmr/m/n/10.95 A drop down menu
 []


Underfull \hbox (badness 2809) in paragraph at lines 717--717
\OT1/cmr/m/n/10.95 is dis-played with the
 []


Underfull \hbox (badness 10000) in paragraph at lines 717--717
\OT1/cmr/m/n/10.95 op-tions are avail-able
 []


Underfull \hbox (badness 10000) in paragraph at lines 717--717
\OT1/cmr/m/n/10.95 Test Case In-clu-sion"
 []


Underfull \hbox (badness 10000) in paragraph at lines 718--718
[]\OT1/cmr/m/n/10.95 Select "In-clude Test
 []


Underfull \hbox (badness 10000) in paragraph at lines 718--718
\OT1/cmr/m/n/10.95 Case Per-ma-nently"
 []


Underfull \hbox (badness 1454) in paragraph at lines 718--718
\OT1/cmr/m/n/10.95 in the "In-cluded Test
 []


Underfull \hbox (badness 5756) in paragraph at lines 718--718
\OT1/cmr/m/n/10.95 Cases" list of In-clu-
 []


Overfull \hbox (109.7135pt too wide) in paragraph at lines 714--720
[][] 
 []

[26]
Overfull \hbox (25.34998pt too wide) in paragraph at lines 726--731
[] 
 []


Underfull \hbox (badness 2707) in paragraph at lines 735--735
\OT1/cmr/m/n/10.95 tab in the "On The
 []


Underfull \hbox (badness 10000) in paragraph at lines 735--735
\OT1/cmr/m/n/10.95 in the "Gen-er-ated
 []


Underfull \hbox (badness 6658) in paragraph at lines 736--736
[]\OT1/cmr/m/n/10.95 Check the "Re-moved
 []


Underfull \hbox (badness 1661) in paragraph at lines 737--737
[]\OT1/cmr/m/n/10.95 Click with the mouse
 []


Underfull \hbox (badness 1270) in paragraph at lines 737--737
\OT1/cmr/m/n/10.95 right but-ton in a ex-
 []


Underfull \hbox (badness 7832) in paragraph at lines 737--737
[]\OT1/cmr/m/n/10.95 A drop down menu
 []


Underfull \hbox (badness 2809) in paragraph at lines 737--737
\OT1/cmr/m/n/10.95 is dis-played with the
 []


Underfull \hbox (badness 10000) in paragraph at lines 737--737
\OT1/cmr/m/n/10.95 op-tions are avail-able
 []


Underfull \hbox (badness 10000) in paragraph at lines 738--738
[]\OT1/cmr/m/n/10.95 Select "Ex-clude Test
 []


Underfull \hbox (badness 10000) in paragraph at lines 738--738
\OT1/cmr/m/n/10.95 Case Per-ma-nently"
 []


Underfull \hbox (badness 10000) in paragraph at lines 738--738
[]\OT1/cmr/m/n/10.95 The test case ap-
 []


Underfull \hbox (badness 4328) in paragraph at lines 738--738
\OT1/cmr/m/n/10.95 pears "Ex-cluded Test
 []


Underfull \hbox (badness 5756) in paragraph at lines 738--738
\OT1/cmr/m/n/10.95 Cases" list of In-clu-
 []


Underfull \hbox (badness 10000) in paragraph at lines 738--738
\OT1/cmr/m/n/10.95 re-mains with a red
 []


Underfull \hbox (badness 8056) in paragraph at lines 738--738
\OT1/cmr/m/n/10.95 font in the "Gen-er-
 []


Underfull \hbox (badness 3439) in paragraph at lines 738--738
\OT1/cmr/m/n/10.95 ated Test Case" list.
 []


Overfull \hbox (109.7135pt too wide) in paragraph at lines 732--740
[][] 
 []


Overfull \hbox (25.34998pt too wide) in paragraph at lines 741--746
[] 
 []

[27]
Underfull \hbox (badness 2875) in paragraph at lines 750--750
\OT1/cmr/m/n/10.95 clude Test Case Per-
 []


Underfull \hbox (badness 3735) in paragraph at lines 750--750
\OT1/cmr/m/n/10.95 ma-nently" and "Can-
 []


Underfull \hbox (badness 3557) in paragraph at lines 750--750
\OT1/cmr/m/n/10.95 cel Test Case Ex-clu-
 []


Underfull \hbox (badness 10000) in paragraph at lines 751--751
[]\OT1/cmr/m/n/10.95 Select "Can-cel Test
 []


Underfull \hbox (badness 3907) in paragraph at lines 751--751
[]\OT1/cmr/m/n/10.95 The test case is re-
 []


Overfull \hbox (109.7135pt too wide) in paragraph at lines 747--753
[][] 
 []


Overfull \hbox (25.34998pt too wide) in paragraph at lines 754--759
[] 
 []


Underfull \hbox (badness 2875) in paragraph at lines 763--763
\OT1/cmr/m/n/10.95 clude Test Case Per-
 []


Underfull \hbox (badness 3735) in paragraph at lines 763--763
\OT1/cmr/m/n/10.95 ma-nently" and "Can-
 []


Underfull \hbox (badness 3557) in paragraph at lines 763--763
\OT1/cmr/m/n/10.95 cel Test Case Ex-clu-
 []


Underfull \hbox (badness 10000) in paragraph at lines 764--764
[]\OT1/cmr/m/n/10.95 Select "In-clude Test
 []


Underfull \hbox (badness 10000) in paragraph at lines 764--764
\OT1/cmr/m/n/10.95 Case Per-ma-nently"
 []


Underfull \hbox (badness 3907) in paragraph at lines 764--764
[]\OT1/cmr/m/n/10.95 The test case is re-
 []


Underfull \hbox (badness 10000) in paragraph at lines 764--764
\OT1/cmr/m/n/10.95 Test Cases" list, is
 []


Underfull \hbox (badness 10000) in paragraph at lines 764--764
\OT1/cmr/m/n/10.95 added to "In-cluded
 []


Overfull \hbox (109.7135pt too wide) in paragraph at lines 760--766
[][] 
 []

[28]
Overfull \hbox (25.34998pt too wide) in paragraph at lines 767--772
[] 
 []


Underfull \hbox (badness 10000) in paragraph at lines 776--776
[]\OT1/cmr/m/n/10.95 Go to the In-clu-
 []


Underfull \hbox (badness 3000) in paragraph at lines 776--776
\OT1/cmr/m/n/10.95 click with the mouse
 []


Underfull \hbox (badness 7186) in paragraph at lines 776--776
\OT1/cmr/m/n/10.95 right but-ton in this
 []


Underfull \hbox (badness 2875) in paragraph at lines 776--776
\OT1/cmr/m/n/10.95 clude Test Case Per-
 []


Underfull \hbox (badness 3735) in paragraph at lines 776--776
\OT1/cmr/m/n/10.95 ma-nently" and "Can-
 []


Underfull \hbox (badness 10000) in paragraph at lines 777--777
[]\OT1/cmr/m/n/10.95 Select "Can-cel Test
 []


Underfull \hbox (badness 3907) in paragraph at lines 777--777
[]\OT1/cmr/m/n/10.95 The test case is re-
 []


Underfull \hbox (badness 1418) in paragraph at lines 777--777
\OT1/cmr/m/n/10.95 moved from "In-cluded
 []


Overfull \hbox (109.7135pt too wide) in paragraph at lines 773--779
[][] 
 []


Overfull \hbox (25.34998pt too wide) in paragraph at lines 780--785
[] 
 []


Underfull \hbox (badness 1661) in paragraph at lines 789--789
[]\OT1/cmr/m/n/10.95 Click with the mouse
 []


Underfull \hbox (badness 1642) in paragraph at lines 789--789
\OT1/cmr/m/n/10.95 right but-ton in a in-
 []


Underfull \hbox (badness 7832) in paragraph at lines 789--789
[]\OT1/cmr/m/n/10.95 A drop down menu
 []


Underfull \hbox (badness 2809) in paragraph at lines 789--789
\OT1/cmr/m/n/10.95 is dis-played with the
 []


Underfull \hbox (badness 10000) in paragraph at lines 789--789
\OT1/cmr/m/n/10.95 op-tions are avail-able
 []


Underfull \hbox (badness 10000) in paragraph at lines 790--790
[]\OT1/cmr/m/n/10.95 Select "Ex-clude Test
 []


Underfull \hbox (badness 10000) in paragraph at lines 790--790
\OT1/cmr/m/n/10.95 Case Per-ma-nently"
 []


Underfull \hbox (badness 5756) in paragraph at lines 790--790
\OT1/cmr/m/n/10.95 Cases" list of In-clu-
 []


Overfull \hbox (109.7135pt too wide) in paragraph at lines 786--792
[][] 
 []

[29]
Overfull \hbox (25.34998pt too wide) in paragraph at lines 798--803
[] 
 []


Underfull \hbox (badness 10000) in paragraph at lines 808--808
[]\OT1/cmr/m/n/10.95 All Test Case Ids
 []


Underfull \hbox (badness 10000) in paragraph at lines 808--808
\OT1/cmr/m/n/10.95 are filled ac-cord-ing
 []


Underfull \hbox (badness 10000) in paragraph at lines 808--808
\OT1/cmr/m/n/10.95 the test case ini-tial
 []


Underfull \hbox (badness 10000) in paragraph at lines 808--808
\OT1/cmr/m/n/10.95 id (cres-cent or-der)
 []


Underfull \hbox (badness 5832) in paragraph at lines 808--808
\OT1/cmr/m/n/10.95 de-fined by the user.
 []


Underfull \hbox (badness 10000) in paragraph at lines 808--808
\OT1/cmr/m/n/10.95 [FR-TARGET-0235,
 []


Overfull \hbox (109.7135pt too wide) in paragraph at lines 804--810
[][] 
 []


Overfull \hbox (25.34998pt too wide) in paragraph at lines 811--816
[] 
 []

[30]
Underfull \hbox (badness 10000) in paragraph at lines 821--821
[]\OT1/cmr/m/n/10.95 All de-scrip-tions of
 []


Underfull \hbox (badness 4168) in paragraph at lines 821--821
\OT1/cmr/m/n/10.95 all Use cases re-lated
 []


Underfull \hbox (badness 3646) in paragraph at lines 821--821
\OT1/cmr/m/n/10.95 to the test case are
 []


Underfull \hbox (badness 10000) in paragraph at lines 821--821
\OT1/cmr/m/n/10.95 con-cate-nated in the
 []


Underfull \hbox (badness 2726) in paragraph at lines 821--821
\OT1/cmr/m/n/10.95 Case De-scrip-tion field
 []


Underfull \hbox (badness 10000) in paragraph at lines 821--821
\OT1/cmr/m/n/10.95 for each test case.
 []


Underfull \hbox (badness 10000) in paragraph at lines 821--821
\OT1/cmr/m/n/10.95 [FR-TARGET-0235,
 []


Overfull \hbox (109.7135pt too wide) in paragraph at lines 817--823
[][] 
 []


Overfull \hbox (25.34998pt too wide) in paragraph at lines 824--829
[] 
 []


Underfull \hbox (badness 10000) in paragraph at lines 834--834
[]\OT1/cmr/m/n/10.95 Just the de-scrip-tion
 []


Underfull \hbox (badness 4193) in paragraph at lines 834--834
\OT1/cmr/m/n/10.95 of last Use case re-
 []


Underfull \hbox (badness 10000) in paragraph at lines 834--834
\OT1/cmr/m/n/10.95 lated to each test
 []


Underfull \hbox (badness 2126) in paragraph at lines 834--834
\OT1/cmr/m/n/10.95 case is shown in the
 []


Underfull \hbox (badness 1033) in paragraph at lines 834--834
\OT1/cmr/m/n/10.95 Case De-scrip-tion field.
 []


Underfull \hbox (badness 10000) in paragraph at lines 834--834
\OT1/cmr/m/n/10.95 [FR-TARGET-0235,
 []


Overfull \hbox (109.7135pt too wide) in paragraph at lines 830--836
[][] 
 []


Underfull \hbox (badness 2653) in paragraph at lines 838--839
[]\OT1/cmr/m/n/10.95 Changing "Print Use Case De-scrip-tion" pa-ram-e-ter to
 []


Overfull \hbox (25.34998pt too wide) in paragraph at lines 837--842
[] 
 []


Underfull \hbox (badness 3735) in paragraph at lines 847--847
[]\OT1/cmr/m/n/10.95 The Case De-scrip-tion
 []


Underfull \hbox (badness 1264) in paragraph at lines 847--847
\OT1/cmr/m/n/10.95 field does not con-tain
 []


Underfull \hbox (badness 2073) in paragraph at lines 847--847
\OT1/cmr/m/n/10.95 is filled with "Empty
 []


Underfull \hbox (badness 10000) in paragraph at lines 847--847
\OT1/cmr/m/n/10.95 Field" sug-gested in
 []


Underfull \hbox (badness 10000) in paragraph at lines 847--847
\OT1/cmr/m/n/10.95 Pref-er-ences win-dow.
 []


Underfull \hbox (badness 10000) in paragraph at lines 847--847
\OT1/cmr/m/n/10.95 [FR-TARGET-0235,
 []


Underfull \hbox (badness 10000) in paragraph at lines 847--847
\OT1/cmr/m/n/10.95 ,FR-TARGET-0237,
 []


Overfull \hbox (109.7135pt too wide) in paragraph at lines 843--849
[][] 
 []

[31]
Overfull \hbox (25.34998pt too wide) in paragraph at lines 850--855
[] 
 []


Underfull \hbox (badness 2343) in paragraph at lines 859--859
\OT1/cmr/m/n/10.95 De-scrip-tion" field and
 []


Underfull \hbox (badness 10000) in paragraph at lines 860--860
[]\OT1/cmr/m/n/10.95 All de-scrip-tions of
 []


Underfull \hbox (badness 7326) in paragraph at lines 860--860
\OT1/cmr/m/n/10.95 all Flows re-lated to
 []


Underfull \hbox (badness 10000) in paragraph at lines 860--860
\OT1/cmr/m/n/10.95 each test case are
 []


Underfull \hbox (badness 10000) in paragraph at lines 860--860
\OT1/cmr/m/n/10.95 con-cate-nated af-ter
 []


Underfull \hbox (badness 5460) in paragraph at lines 860--860
\OT1/cmr/m/n/10.95 "Ob-jec-tive Pre-fix" in
 []


Underfull \hbox (badness 10000) in paragraph at lines 860--860
\OT1/cmr/m/n/10.95 the re-spec-tive field.
 []


Underfull \hbox (badness 10000) in paragraph at lines 860--860
\OT1/cmr/m/n/10.95 [FR-TARGET-0235,
 []


Overfull \hbox (109.7135pt too wide) in paragraph at lines 856--862
[][] 
 []


Overfull \hbox (25.34998pt too wide) in paragraph at lines 863--868
[] 
 []


Underfull \hbox (badness 2343) in paragraph at lines 872--872
\OT1/cmr/m/n/10.95 De-scrip-tion" field and
 []


Underfull \hbox (badness 3439) in paragraph at lines 873--873
\OT1/cmr/m/n/10.95 Flow re-lated to each
 []


Underfull \hbox (badness 5460) in paragraph at lines 873--873
\OT1/cmr/m/n/10.95 "Ob-jec-tive Pre-fix" in
 []


Underfull \hbox (badness 10000) in paragraph at lines 873--873
\OT1/cmr/m/n/10.95 the re-spec-tive field.
 []


Underfull \hbox (badness 10000) in paragraph at lines 873--873
\OT1/cmr/m/n/10.95 [FR-TARGET-0235,
 []


Overfull \hbox (109.7135pt too wide) in paragraph at lines 869--875
[][] 
 []

[32]
Overfull \hbox (25.34998pt too wide) in paragraph at lines 876--881
[] 
 []


Underfull \hbox (badness 2343) in paragraph at lines 885--885
\OT1/cmr/m/n/10.95 De-scrip-tion" field and
 []


Underfull \hbox (badness 3138) in paragraph at lines 886--886
[]\OT1/cmr/m/n/10.95 The Flow De-scrip-tion
 []


Underfull \hbox (badness 1264) in paragraph at lines 886--886
\OT1/cmr/m/n/10.95 field does not con-tain
 []


Underfull \hbox (badness 2073) in paragraph at lines 886--886
\OT1/cmr/m/n/10.95 is filled with "Empty
 []


Underfull \hbox (badness 10000) in paragraph at lines 886--886
\OT1/cmr/m/n/10.95 Field" sug-gested in
 []


Underfull \hbox (badness 10000) in paragraph at lines 886--886
\OT1/cmr/m/n/10.95 Pref-er-ences win-dow.
 []


Underfull \hbox (badness 10000) in paragraph at lines 886--886
\OT1/cmr/m/n/10.95 [FR-TARGET-0235,
 []


Underfull \hbox (badness 10000) in paragraph at lines 886--886
\OT1/cmr/m/n/10.95 ,FR-TARGET-0237,
 []


Overfull \hbox (109.7135pt too wide) in paragraph at lines 882--888
[][] 
 []


Overfull \hbox (25.34998pt too wide) in paragraph at lines 894--899
[] 
 []

[33]
Underfull \hbox (badness 7030) in paragraph at lines 903--903
[]\OT1/cmr/m/n/10.95 Go to "Test Cases"
 []


Underfull \hbox (badness 3668) in paragraph at lines 903--903
\OT1/cmr/m/n/10.95 lect a gen-er-ated test
 []


Underfull \hbox (badness 10000) in paragraph at lines 904--905
\OT1/cmr/m/n/10.95 age-ment Ed-i-tor is
 []


Underfull \hbox (badness 4608) in paragraph at lines 904--905
\OT1/cmr/m/n/10.95 showed and the sys-
 []


Underfull \hbox (badness 10000) in paragraph at lines 904--905
\OT1/cmr/m/n/10.95 con-tain-ing the new
 []


Underfull \hbox (badness 1694) in paragraph at lines 904--905
\OT1/cmr/m/n/10.95 the On The Fly and
 []


Underfull \hbox (badness 1728) in paragraph at lines 904--905
\OT1/cmr/m/n/10.95 an-other ta-ble con-tain-
 []


Underfull \hbox (badness 2020) in paragraph at lines 904--905
\OT1/cmr/m/n/10.95 ing the per-cent-age of
 []


Underfull \hbox (badness 2922) in paragraph at lines 904--905
\OT1/cmr/m/n/10.95 cases of the pre-vi-ous
 []


Underfull \hbox (badness 10000) in paragraph at lines 904--905
\OT1/cmr/m/n/10.95 se-lected test suite.
 []


Underfull \hbox (badness 10000) in paragraph at lines 904--905
\OT1/cmr/m/n/10.95 [FR-TARGET-244]The
 []


Underfull \hbox (badness 10000) in paragraph at lines 904--905
\OT1/cmr/m/n/10.95 sys-tem au-to-mat-i-cally
 []


Underfull \hbox (badness 2452) in paragraph at lines 904--905
\OT1/cmr/m/n/10.95 as-so-ciates a new test
 []


Overfull \hbox (109.7135pt too wide) in paragraph at lines 900--906
[][] 
 []


Overfull \hbox (25.34998pt too wide) in paragraph at lines 907--912
[] 
 []


Underfull \hbox (badness 2856) in paragraph at lines 916--916
\OT1/cmr/m/n/10.95 and mark the op-tion
 []


Underfull \hbox (badness 10000) in paragraph at lines 916--916
\OT1/cmr/m/n/10.95 "Start Con-sis-tency
 []


Underfull \hbox (badness 10000) in paragraph at lines 916--916
\OT1/cmr/m/n/10.95 Man-age-memnt be-fore
 []


Underfull \hbox (badness 1533) in paragraph at lines 917--917
[]\OT1/cmr/m/n/10.95 The win-dow is closed
 []


Overfull \hbox (109.7135pt too wide) in paragraph at lines 913--919
[][] 
 []

[34]
Overfull \hbox (25.34998pt too wide) in paragraph at lines 925--930
[] 
 []


Underfull \hbox (badness 2600) in paragraph at lines 934--934
[]\OT1/cmr/m/n/10.95 The sys-tem shows in
 []


Underfull \hbox (badness 1521) in paragraph at lines 934--934
\OT1/cmr/m/n/10.95 the sim-i-lar-ity per-cent-
 []


Underfull \hbox (badness 10000) in paragraph at lines 935--935
\OT1/cmr/m/n/10.95 spread-sheets show-ing
 []


Underfull \hbox (badness 1009) in paragraph at lines 935--935
\OT1/cmr/m/n/10.95 fields and with yel-low
 []


Underfull \hbox (badness 2837) in paragraph at lines 936--936
[]\OT1/cmr/m/n/10.95 Press the "Save Test
 []


Underfull \hbox (badness 10000) in paragraph at lines 936--936
[]\OT1/cmr/m/n/10.95 The sys-tem dis-plays
 []


Underfull \hbox (badness 10000) in paragraph at lines 936--936
\OT1/cmr/m/n/10.95 a mes-sage in-form-ing
 []


Underfull \hbox (badness 10000) in paragraph at lines 936--936
\OT1/cmr/m/n/10.95 that the test cases
 []


Underfull \hbox (badness 10000) in paragraph at lines 936--936
\OT1/cmr/m/n/10.95 were merged and a
 []


Overfull \hbox (109.7135pt too wide) in paragraph at lines 931--938
[][] 
 []

[35]
Overfull \hbox (25.34998pt too wide) in paragraph at lines 939--944
[] 
 []


Underfull \hbox (badness 1383) in paragraph at lines 948--948
[]\OT1/cmr/m/n/10.95 There is at least one
 []


Underfull \hbox (badness 10000) in paragraph at lines 948--948
\OT1/cmr/m/n/10.95 mod-i-fi-ca-tion be-tween
 []


Underfull \hbox (badness 3148) in paragraph at lines 948--948
\OT1/cmr/m/n/10.95 new or mod-i-fied test
 []


Underfull \hbox (badness 4805) in paragraph at lines 948--948
\OT1/cmr/m/n/10.95 op-tions are also dis-
 []


Underfull \hbox (badness 10000) in paragraph at lines 949--949
[]\OT1/cmr/m/n/10.95 The sys-tem dis-plays
 []


Underfull \hbox (badness 10000) in paragraph at lines 949--949
\OT1/cmr/m/n/10.95 a mes-sage in-form-ing
 []


Underfull \hbox (badness 1968) in paragraph at lines 949--949
\OT1/cmr/m/n/10.95 suite has been gen-er-
 []


Underfull \hbox (badness 1565) in paragraph at lines 949--949
\OT1/cmr/m/n/10.95 ated. The gen-er-ated
 []


Underfull \hbox (badness 2689) in paragraph at lines 949--949
\OT1/cmr/m/n/10.95 the new id that has
 []


Overfull \hbox (109.7135pt too wide) in paragraph at lines 945--951
[][] 
 []

[36]
Overfull \hbox (25.34998pt too wide) in paragraph at lines 952--957
[] 
 []


Underfull \hbox (badness 4279) in paragraph at lines 961--961
\OT1/cmr/m/n/10.95 tion in the old test
 []


Underfull \hbox (badness 2080) in paragraph at lines 961--961
\OT1/cmr/m/n/10.95 the se-lected test case
 []


Underfull \hbox (badness 10000) in paragraph at lines 962--962
[]\OT1/cmr/m/n/10.95 The sys-tem dis-plays
 []


Underfull \hbox (badness 10000) in paragraph at lines 962--962
\OT1/cmr/m/n/10.95 a mes-sage in-form-ing
 []


Underfull \hbox (badness 1968) in paragraph at lines 962--962
\OT1/cmr/m/n/10.95 suite has been gen-er-
 []


Underfull \hbox (badness 1565) in paragraph at lines 962--962
\OT1/cmr/m/n/10.95 ated. The gen-er-ated
 []


Underfull \hbox (badness 10000) in paragraph at lines 962--962
\OT1/cmr/m/n/10.95 test suite must not
 []


Overfull \hbox (109.7135pt too wide) in paragraph at lines 958--964
[][] 
 []

[37]
Overfull \hbox (25.34998pt too wide) in paragraph at lines 965--970
[] 
 []


Underfull \hbox (badness 4779) in paragraph at lines 974--974
[]\OT1/cmr/m/n/10.95 The sys-tem shows a
 []


Underfull \hbox (badness 10000) in paragraph at lines 974--974
\OT1/cmr/m/n/10.95 warn-ing mes-sage in-
 []


Underfull \hbox (badness 2512) in paragraph at lines 974--974
\OT1/cmr/m/n/10.95 form-ing that there is
 []


Underfull \hbox (badness 4013) in paragraph at lines 974--974
\OT1/cmr/m/n/10.95 an-other test case al-
 []


Underfull \hbox (badness 3601) in paragraph at lines 974--974
\OT1/cmr/m/n/10.95 ready as-so-ci-ated with
 []


Underfull \hbox (badness 10000) in paragraph at lines 975--975
[]\OT1/cmr/m/n/10.95 The sys-tem dis-plays
 []


Underfull \hbox (badness 10000) in paragraph at lines 975--975
\OT1/cmr/m/n/10.95 a mes-sage in-form-ing
 []


Underfull \hbox (badness 1968) in paragraph at lines 975--975
\OT1/cmr/m/n/10.95 suite has been gen-er-
 []


Underfull \hbox (badness 1565) in paragraph at lines 975--975
\OT1/cmr/m/n/10.95 ated. The gen-er-ated
 []


Overfull \hbox (109.7135pt too wide) in paragraph at lines 971--977
[][] 
 []

[38]
Overfull \hbox (25.34998pt too wide) in paragraph at lines 983--988
[] 
 []


Underfull \hbox (badness 10000) in paragraph at lines 992--992
[]\OT1/cmr/m/n/10.95 In the "Pref-er-
 []


Underfull \hbox (badness 10000) in paragraph at lines 992--992
\OT1/cmr/m/n/10.95 ences" area, press
 []


Underfull \hbox (badness 2837) in paragraph at lines 994--994
[]\OT1/cmr/m/n/10.95 Press the "Save Test
 []


Underfull \hbox (badness 10000) in paragraph at lines 994--994
[]\OT1/cmr/m/n/10.95 The sys-tem dis-plays
 []


Underfull \hbox (badness 10000) in paragraph at lines 994--994
\OT1/cmr/m/n/10.95 a mes-sage in-form-ing
 []


Underfull \hbox (badness 1968) in paragraph at lines 994--994
\OT1/cmr/m/n/10.95 suite has been gen-er-
 []


Underfull \hbox (badness 1565) in paragraph at lines 994--994
\OT1/cmr/m/n/10.95 ated. The gen-er-ated
 []


Overfull \hbox (109.7135pt too wide) in paragraph at lines 989--996
[][] 
 []


Overfull \hbox (25.34998pt too wide) in paragraph at lines 1002--1007
[] 
 []


Underfull \hbox (badness 10000) in paragraph at lines 1011--1011
[]\OT1/cmr/m/n/10.95 Above Old Test
 []


Underfull \hbox (badness 10000) in paragraph at lines 1011--1011
\OT1/cmr/m/n/10.95 Cases ta-ble, press
 []


Underfull \hbox (badness 4779) in paragraph at lines 1012--1012
[]\OT1/cmr/m/n/10.95 The sys-tem shows a
 []


Underfull \hbox (badness 1867) in paragraph at lines 1012--1012
\OT1/cmr/m/n/10.95 the test suite load-ing
 []


Underfull \hbox (badness 1584) in paragraph at lines 1012--1012
\OT1/cmr/m/n/10.95 age-ment win-dow com-
 []


Overfull \hbox (109.7135pt too wide) in paragraph at lines 1008--1014
[][] 
 []

[39]
Overfull \hbox (25.34998pt too wide) in paragraph at lines 1020--1025
[] 
 []


Underfull \hbox (badness 2951) in paragraph at lines 1029--1029
\OT1/cmr/m/n/10.95 most sim-i-lar" with a
 []


Underfull \hbox (badness 1521) in paragraph at lines 1029--1029
\OT1/cmr/m/n/10.95 the sim-i-lar-ity per-cent-
 []


Underfull \hbox (badness 2119) in paragraph at lines 1029--1029
\OT1/cmr/m/n/10.95 age of first test case
 []


Underfull \hbox (badness 1082) in paragraph at lines 1029--1029
\OT1/cmr/m/n/10.95 cent-age value is lower
 []


Underfull \hbox (badness 1210) in paragraph at lines 1030--1030
\OT1/cmr/m/n/10.95 sec-ond test case most
 []


Underfull \hbox (badness 10000) in paragraph at lines 1030--1030
[]\OT1/cmr/m/n/10.95 The Sec-ond Most
 []


Underfull \hbox (badness 8019) in paragraph at lines 1030--1030
\OT1/cmr/m/n/10.95 Sim-i-lar per-cent-age is
 []


Underfull \hbox (badness 1412) in paragraph at lines 1031--1031
\OT1/cmr/m/n/10.95 test case is au-to-mat-i-
 []


Overfull \hbox (109.7135pt too wide) in paragraph at lines 1026--1033
[][] 
 []

[40]
Overfull \hbox (25.34998pt too wide) in paragraph at lines 1039--1044
[] 
 []


Underfull \hbox (badness 1661) in paragraph at lines 1048--1048
[]\OT1/cmr/m/n/10.95 Select the "Save Test
 []


Underfull \hbox (badness 3724) in paragraph at lines 1048--1048
\OT1/cmr/m/n/10.95 Suite" but-ton in the
 []


Underfull \hbox (badness 10000) in paragraph at lines 1048--1048
\OT1/cmr/m/n/10.95 "Com-par-i-son Re-sults"
 []


Underfull \hbox (badness 2334) in paragraph at lines 1048--1048
\OT1/cmr/m/n/10.95 er-ated test cases and
 []


Overfull \hbox (109.7135pt too wide) in paragraph at lines 1045--1050
[][] 
 []

[41] [42] (./use-cases.aux) ) 
Here is how much of TeX's memory you used:
 250 strings out of 493887
 2858 string characters out of 1151122
 58889 words of memory out of 3000000
 3596 multiletter control sequences out of 10000+50000
 8811 words of font info for 31 fonts, out of 3000000 for 5000
 714 hyphenation exceptions out of 8191
 21i,8n,19p,467b,193s stack positions out of 5000i,500n,10000p,200000b,50000s

Output written on use-cases.dvi (42 pages, 111760 bytes).
